[2025-01-31T01:35:51.783+0000] {local_task_job_runner.py:123} INFO - ::group::Pre task execution logs
[2025-01-31T01:35:51.809+0000] {taskinstance.py:2613} INFO - Dependencies all met for dep_context=non-requeueable deps ti=<TaskInstance: segunda_dag.tsk1 manual__2025-01-31T01:35:49.421543+00:00 [queued]>
[2025-01-31T01:35:51.813+0000] {taskinstance.py:2613} INFO - Dependencies all met for dep_context=requeueable deps ti=<TaskInstance: segunda_dag.tsk1 manual__2025-01-31T01:35:49.421543+00:00 [queued]>
[2025-01-31T01:35:51.813+0000] {taskinstance.py:2866} INFO - Starting attempt 1 of 1
[2025-01-31T01:35:51.820+0000] {taskinstance.py:2889} INFO - Executing <Task(BashOperator): tsk1> on 2025-01-31 01:35:49.421543+00:00
[2025-01-31T01:35:51.826+0000] {warnings.py:112} WARNING - /home/***/.local/lib/python3.12/site-packages/***/task/task_runner/standard_task_runner.py:70: DeprecationWarning: This process (pid=3050) is multi-threaded, use of fork() may lead to deadlocks in the child.
  pid = os.fork()

[2025-01-31T01:35:51.827+0000] {standard_task_runner.py:72} INFO - Started process 3051 to run task
[2025-01-31T01:35:51.828+0000] {standard_task_runner.py:104} INFO - Running: ['***', 'tasks', 'run', 'segunda_dag', 'tsk1', 'manual__2025-01-31T01:35:49.421543+00:00', '--job-id', '23', '--raw', '--subdir', 'DAGS_FOLDER/segunda_dag.py', '--cfg-path', '/tmp/tmp33xmuia8']
[2025-01-31T01:35:51.829+0000] {standard_task_runner.py:105} INFO - Job 23: Subtask tsk1
[2025-01-31T01:35:51.867+0000] {task_command.py:467} INFO - Running <TaskInstance: segunda_dag.tsk1 manual__2025-01-31T01:35:49.421543+00:00 [running]> on host 15928652fac1
[2025-01-31T01:35:51.926+0000] {taskinstance.py:3132} INFO - Exporting env vars: AIRFLOW_CTX_DAG_OWNER='***' AIRFLOW_CTX_DAG_ID='segunda_dag' AIRFLOW_CTX_TASK_ID='tsk1' AIRFLOW_CTX_EXECUTION_DATE='2025-01-31T01:35:49.421543+00:00' AIRFLOW_CTX_TRY_NUMBER='1' AIRFLOW_CTX_DAG_RUN_ID='manual__2025-01-31T01:35:49.421543+00:00'
[2025-01-31T01:35:51.928+0000] {taskinstance.py:731} INFO - ::endgroup::
[2025-01-31T01:35:51.945+0000] {subprocess.py:78} INFO - Tmp dir root location: /tmp
[2025-01-31T01:35:51.947+0000] {subprocess.py:88} INFO - Running command: ['/usr/bin/bash', '-c', 'sleep 5']
[2025-01-31T01:35:51.954+0000] {subprocess.py:99} INFO - Output:
[2025-01-31T01:35:56.961+0000] {subprocess.py:110} INFO - Command exited with return code 0
[2025-01-31T01:35:57.012+0000] {taskinstance.py:340} INFO - ::group::Post task execution logs
[2025-01-31T01:35:57.013+0000] {taskinstance.py:352} INFO - Marking task as SUCCESS. dag_id=segunda_dag, task_id=tsk1, run_id=manual__2025-01-31T01:35:49.421543+00:00, execution_date=20250131T013549, start_date=20250131T013551, end_date=20250131T013557
[2025-01-31T01:35:57.032+0000] {local_task_job_runner.py:266} INFO - Task exited with return code 0
[2025-01-31T01:35:57.053+0000] {taskinstance.py:3895} INFO - 2 downstream tasks scheduled from follow-on schedule check
[2025-01-31T01:35:57.054+0000] {local_task_job_runner.py:245} INFO - ::endgroup::
