[2025-01-31T01:36:25.409+0000] {local_task_job_runner.py:123} INFO - ::group::Pre task execution logs
[2025-01-31T01:36:25.441+0000] {taskinstance.py:2613} INFO - Dependencies all met for dep_context=non-requeueable deps ti=<TaskInstance: segunda_dag.tsk2 manual__2025-01-31T01:36:16.909783+00:00 [queued]>
[2025-01-31T01:36:25.451+0000] {taskinstance.py:2613} INFO - Dependencies all met for dep_context=requeueable deps ti=<TaskInstance: segunda_dag.tsk2 manual__2025-01-31T01:36:16.909783+00:00 [queued]>
[2025-01-31T01:36:25.452+0000] {taskinstance.py:2866} INFO - Starting attempt 1 of 1
[2025-01-31T01:36:25.465+0000] {taskinstance.py:2889} INFO - Executing <Task(BashOperator): tsk2> on 2025-01-31 01:36:16.909783+00:00
[2025-01-31T01:36:25.478+0000] {warnings.py:112} WARNING - /home/***/.local/lib/python3.12/site-packages/***/task/task_runner/standard_task_runner.py:70: DeprecationWarning: This process (pid=3073) is multi-threaded, use of fork() may lead to deadlocks in the child.
  pid = os.fork()

[2025-01-31T01:36:25.481+0000] {standard_task_runner.py:72} INFO - Started process 3076 to run task
[2025-01-31T01:36:25.480+0000] {standard_task_runner.py:104} INFO - Running: ['***', 'tasks', 'run', 'segunda_dag', 'tsk2', 'manual__2025-01-31T01:36:16.909783+00:00', '--job-id', '27', '--raw', '--subdir', 'DAGS_FOLDER/segunda_dag.py', '--cfg-path', '/tmp/tmpks_nh13j']
[2025-01-31T01:36:25.482+0000] {standard_task_runner.py:105} INFO - Job 27: Subtask tsk2
[2025-01-31T01:36:25.538+0000] {task_command.py:467} INFO - Running <TaskInstance: segunda_dag.tsk2 manual__2025-01-31T01:36:16.909783+00:00 [running]> on host 15928652fac1
[2025-01-31T01:36:25.629+0000] {taskinstance.py:3132} INFO - Exporting env vars: AIRFLOW_CTX_DAG_OWNER='***' AIRFLOW_CTX_DAG_ID='segunda_dag' AIRFLOW_CTX_TASK_ID='tsk2' AIRFLOW_CTX_EXECUTION_DATE='2025-01-31T01:36:16.909783+00:00' AIRFLOW_CTX_TRY_NUMBER='1' AIRFLOW_CTX_DAG_RUN_ID='manual__2025-01-31T01:36:16.909783+00:00'
[2025-01-31T01:36:25.630+0000] {taskinstance.py:731} INFO - ::endgroup::
[2025-01-31T01:36:25.641+0000] {subprocess.py:78} INFO - Tmp dir root location: /tmp
[2025-01-31T01:36:25.644+0000] {subprocess.py:88} INFO - Running command: ['/usr/bin/bash', '-c', 'sleep 5']
[2025-01-31T01:36:25.657+0000] {subprocess.py:99} INFO - Output:
[2025-01-31T01:36:30.669+0000] {subprocess.py:110} INFO - Command exited with return code 0
[2025-01-31T01:36:30.727+0000] {taskinstance.py:340} INFO - ::group::Post task execution logs
[2025-01-31T01:36:30.728+0000] {taskinstance.py:352} INFO - Marking task as SUCCESS. dag_id=segunda_dag, task_id=tsk2, run_id=manual__2025-01-31T01:36:16.909783+00:00, execution_date=20250131T013616, start_date=20250131T013625, end_date=20250131T013630
[2025-01-31T01:36:30.791+0000] {local_task_job_runner.py:266} INFO - Task exited with return code 0
[2025-01-31T01:36:30.814+0000] {taskinstance.py:3895} INFO - 0 downstream tasks scheduled from follow-on schedule check
[2025-01-31T01:36:30.815+0000] {local_task_job_runner.py:245} INFO - ::endgroup::
