[2025-01-31T01:37:15.313+0000] {local_task_job_runner.py:123} INFO - ::group::Pre task execution logs
[2025-01-31T01:37:15.336+0000] {taskinstance.py:2613} INFO - Dependencies all met for dep_context=non-requeueable deps ti=<TaskInstance: segunda_dag.tsk1 manual__2025-01-31T01:37:13.650579+00:00 [queued]>
[2025-01-31T01:37:15.341+0000] {taskinstance.py:2613} INFO - Dependencies all met for dep_context=requeueable deps ti=<TaskInstance: segunda_dag.tsk1 manual__2025-01-31T01:37:13.650579+00:00 [queued]>
[2025-01-31T01:37:15.341+0000] {taskinstance.py:2866} INFO - Starting attempt 1 of 1
[2025-01-31T01:37:15.350+0000] {taskinstance.py:2889} INFO - Executing <Task(BashOperator): tsk1> on 2025-01-31 01:37:13.650579+00:00
[2025-01-31T01:37:15.355+0000] {warnings.py:112} WARNING - /home/***/.local/lib/python3.12/site-packages/***/task/task_runner/standard_task_runner.py:70: DeprecationWarning: This process (pid=3088) is multi-threaded, use of fork() may lead to deadlocks in the child.
  pid = os.fork()

[2025-01-31T01:37:15.359+0000] {standard_task_runner.py:72} INFO - Started process 3089 to run task
[2025-01-31T01:37:15.365+0000] {standard_task_runner.py:104} INFO - Running: ['***', 'tasks', 'run', 'segunda_dag', 'tsk1', 'manual__2025-01-31T01:37:13.650579+00:00', '--job-id', '29', '--raw', '--subdir', 'DAGS_FOLDER/segunda_dag.py', '--cfg-path', '/tmp/tmp7ri7087i']
[2025-01-31T01:37:15.368+0000] {standard_task_runner.py:105} INFO - Job 29: Subtask tsk1
[2025-01-31T01:37:15.429+0000] {task_command.py:467} INFO - Running <TaskInstance: segunda_dag.tsk1 manual__2025-01-31T01:37:13.650579+00:00 [running]> on host 15928652fac1
[2025-01-31T01:37:15.522+0000] {taskinstance.py:3132} INFO - Exporting env vars: AIRFLOW_CTX_DAG_OWNER='***' AIRFLOW_CTX_DAG_ID='segunda_dag' AIRFLOW_CTX_TASK_ID='tsk1' AIRFLOW_CTX_EXECUTION_DATE='2025-01-31T01:37:13.650579+00:00' AIRFLOW_CTX_TRY_NUMBER='1' AIRFLOW_CTX_DAG_RUN_ID='manual__2025-01-31T01:37:13.650579+00:00'
[2025-01-31T01:37:15.523+0000] {taskinstance.py:731} INFO - ::endgroup::
[2025-01-31T01:37:15.535+0000] {subprocess.py:78} INFO - Tmp dir root location: /tmp
[2025-01-31T01:37:15.536+0000] {subprocess.py:88} INFO - Running command: ['/usr/bin/bash', '-c', 'sleep 5']
[2025-01-31T01:37:15.549+0000] {subprocess.py:99} INFO - Output:
[2025-01-31T01:37:20.564+0000] {subprocess.py:110} INFO - Command exited with return code 0
[2025-01-31T01:37:20.625+0000] {taskinstance.py:340} INFO - ::group::Post task execution logs
[2025-01-31T01:37:20.626+0000] {taskinstance.py:352} INFO - Marking task as SUCCESS. dag_id=segunda_dag, task_id=tsk1, run_id=manual__2025-01-31T01:37:13.650579+00:00, execution_date=20250131T013713, start_date=20250131T013715, end_date=20250131T013720
[2025-01-31T01:37:20.689+0000] {local_task_job_runner.py:266} INFO - Task exited with return code 0
[2025-01-31T01:37:20.714+0000] {taskinstance.py:3895} INFO - 2 downstream tasks scheduled from follow-on schedule check
[2025-01-31T01:37:20.715+0000] {local_task_job_runner.py:245} INFO - ::endgroup::
