[2025-01-31T01:20:58.647+0000] {processor.py:186} INFO - Started process (PID=2577) to work on /opt/airflow/dags/primeiradag.py
[2025-01-31T01:20:58.648+0000] {processor.py:914} INFO - Processing file /opt/airflow/dags/primeiradag.py for tasks to queue
[2025-01-31T01:20:58.653+0000] {logging_mixin.py:190} INFO - [2025-01-31T01:20:58.651+0000] {dagbag.py:588} INFO - Filling up the DagBag from /opt/airflow/dags/primeiradag.py
[2025-01-31T01:20:58.690+0000] {processor.py:927} WARNING - No viable dags retrieved from /opt/airflow/dags/primeiradag.py
[2025-01-31T01:20:58.716+0000] {processor.py:208} INFO - Processing /opt/airflow/dags/primeiradag.py took 0.098 seconds
[2025-01-31T01:21:03.846+0000] {processor.py:186} INFO - Started process (PID=2578) to work on /opt/airflow/dags/primeiradag.py
[2025-01-31T01:21:03.850+0000] {processor.py:914} INFO - Processing file /opt/airflow/dags/primeiradag.py for tasks to queue
[2025-01-31T01:21:03.856+0000] {logging_mixin.py:190} INFO - [2025-01-31T01:21:03.856+0000] {dagbag.py:588} INFO - Filling up the DagBag from /opt/airflow/dags/primeiradag.py
[2025-01-31T01:21:03.866+0000] {processor.py:927} WARNING - No viable dags retrieved from /opt/airflow/dags/primeiradag.py
[2025-01-31T01:21:03.891+0000] {processor.py:208} INFO - Processing /opt/airflow/dags/primeiradag.py took 0.064 seconds
[2025-01-31T01:21:08.990+0000] {processor.py:186} INFO - Started process (PID=2579) to work on /opt/airflow/dags/primeiradag.py
[2025-01-31T01:21:08.992+0000] {processor.py:914} INFO - Processing file /opt/airflow/dags/primeiradag.py for tasks to queue
[2025-01-31T01:21:09.000+0000] {logging_mixin.py:190} INFO - [2025-01-31T01:21:08.999+0000] {dagbag.py:588} INFO - Filling up the DagBag from /opt/airflow/dags/primeiradag.py
[2025-01-31T01:21:09.015+0000] {processor.py:927} WARNING - No viable dags retrieved from /opt/airflow/dags/primeiradag.py
[2025-01-31T01:21:09.032+0000] {processor.py:208} INFO - Processing /opt/airflow/dags/primeiradag.py took 0.052 seconds
[2025-01-31T01:21:14.125+0000] {processor.py:186} INFO - Started process (PID=2586) to work on /opt/airflow/dags/primeiradag.py
[2025-01-31T01:21:14.132+0000] {processor.py:914} INFO - Processing file /opt/airflow/dags/primeiradag.py for tasks to queue
[2025-01-31T01:21:14.138+0000] {logging_mixin.py:190} INFO - [2025-01-31T01:21:14.137+0000] {dagbag.py:588} INFO - Filling up the DagBag from /opt/airflow/dags/primeiradag.py
[2025-01-31T01:21:14.147+0000] {processor.py:927} WARNING - No viable dags retrieved from /opt/airflow/dags/primeiradag.py
[2025-01-31T01:21:14.172+0000] {processor.py:208} INFO - Processing /opt/airflow/dags/primeiradag.py took 0.055 seconds
[2025-01-31T01:21:19.262+0000] {processor.py:186} INFO - Started process (PID=2587) to work on /opt/airflow/dags/primeiradag.py
[2025-01-31T01:21:19.263+0000] {processor.py:914} INFO - Processing file /opt/airflow/dags/primeiradag.py for tasks to queue
[2025-01-31T01:21:19.267+0000] {logging_mixin.py:190} INFO - [2025-01-31T01:21:19.267+0000] {dagbag.py:588} INFO - Filling up the DagBag from /opt/airflow/dags/primeiradag.py
[2025-01-31T01:21:19.276+0000] {processor.py:927} WARNING - No viable dags retrieved from /opt/airflow/dags/primeiradag.py
[2025-01-31T01:21:19.295+0000] {processor.py:208} INFO - Processing /opt/airflow/dags/primeiradag.py took 0.045 seconds
[2025-01-31T01:21:24.446+0000] {processor.py:186} INFO - Started process (PID=2588) to work on /opt/airflow/dags/primeiradag.py
[2025-01-31T01:21:24.447+0000] {processor.py:914} INFO - Processing file /opt/airflow/dags/primeiradag.py for tasks to queue
[2025-01-31T01:21:24.454+0000] {logging_mixin.py:190} INFO - [2025-01-31T01:21:24.454+0000] {dagbag.py:588} INFO - Filling up the DagBag from /opt/airflow/dags/primeiradag.py
[2025-01-31T01:21:24.463+0000] {processor.py:927} WARNING - No viable dags retrieved from /opt/airflow/dags/primeiradag.py
[2025-01-31T01:21:24.488+0000] {processor.py:208} INFO - Processing /opt/airflow/dags/primeiradag.py took 0.060 seconds
[2025-01-31T01:21:29.569+0000] {processor.py:186} INFO - Started process (PID=2589) to work on /opt/airflow/dags/primeiradag.py
[2025-01-31T01:21:29.571+0000] {processor.py:914} INFO - Processing file /opt/airflow/dags/primeiradag.py for tasks to queue
[2025-01-31T01:21:29.577+0000] {logging_mixin.py:190} INFO - [2025-01-31T01:21:29.577+0000] {dagbag.py:588} INFO - Filling up the DagBag from /opt/airflow/dags/primeiradag.py
[2025-01-31T01:21:29.586+0000] {processor.py:927} WARNING - No viable dags retrieved from /opt/airflow/dags/primeiradag.py
[2025-01-31T01:21:29.601+0000] {processor.py:208} INFO - Processing /opt/airflow/dags/primeiradag.py took 0.048 seconds
[2025-01-31T01:21:34.769+0000] {processor.py:186} INFO - Started process (PID=2590) to work on /opt/airflow/dags/primeiradag.py
[2025-01-31T01:21:34.771+0000] {processor.py:914} INFO - Processing file /opt/airflow/dags/primeiradag.py for tasks to queue
[2025-01-31T01:21:34.776+0000] {logging_mixin.py:190} INFO - [2025-01-31T01:21:34.775+0000] {dagbag.py:588} INFO - Filling up the DagBag from /opt/airflow/dags/primeiradag.py
[2025-01-31T01:21:34.793+0000] {processor.py:927} WARNING - No viable dags retrieved from /opt/airflow/dags/primeiradag.py
[2025-01-31T01:21:34.819+0000] {processor.py:208} INFO - Processing /opt/airflow/dags/primeiradag.py took 0.073 seconds
[2025-01-31T01:21:39.879+0000] {processor.py:186} INFO - Started process (PID=2591) to work on /opt/airflow/dags/primeiradag.py
[2025-01-31T01:21:39.881+0000] {processor.py:914} INFO - Processing file /opt/airflow/dags/primeiradag.py for tasks to queue
[2025-01-31T01:21:39.886+0000] {logging_mixin.py:190} INFO - [2025-01-31T01:21:39.885+0000] {dagbag.py:588} INFO - Filling up the DagBag from /opt/airflow/dags/primeiradag.py
[2025-01-31T01:21:39.895+0000] {processor.py:927} WARNING - No viable dags retrieved from /opt/airflow/dags/primeiradag.py
[2025-01-31T01:21:39.915+0000] {processor.py:208} INFO - Processing /opt/airflow/dags/primeiradag.py took 0.055 seconds
[2025-01-31T01:21:44.984+0000] {processor.py:186} INFO - Started process (PID=2598) to work on /opt/airflow/dags/primeiradag.py
[2025-01-31T01:21:44.985+0000] {processor.py:914} INFO - Processing file /opt/airflow/dags/primeiradag.py for tasks to queue
[2025-01-31T01:21:44.990+0000] {logging_mixin.py:190} INFO - [2025-01-31T01:21:44.989+0000] {dagbag.py:588} INFO - Filling up the DagBag from /opt/airflow/dags/primeiradag.py
[2025-01-31T01:21:44.996+0000] {processor.py:927} WARNING - No viable dags retrieved from /opt/airflow/dags/primeiradag.py
[2025-01-31T01:21:45.015+0000] {processor.py:208} INFO - Processing /opt/airflow/dags/primeiradag.py took 0.047 seconds
[2025-01-31T01:21:50.149+0000] {processor.py:186} INFO - Started process (PID=2599) to work on /opt/airflow/dags/primeiradag.py
[2025-01-31T01:21:50.150+0000] {processor.py:914} INFO - Processing file /opt/airflow/dags/primeiradag.py for tasks to queue
[2025-01-31T01:21:50.164+0000] {logging_mixin.py:190} INFO - [2025-01-31T01:21:50.163+0000] {dagbag.py:588} INFO - Filling up the DagBag from /opt/airflow/dags/primeiradag.py
[2025-01-31T01:21:50.183+0000] {processor.py:927} WARNING - No viable dags retrieved from /opt/airflow/dags/primeiradag.py
[2025-01-31T01:21:50.210+0000] {processor.py:208} INFO - Processing /opt/airflow/dags/primeiradag.py took 0.079 seconds
[2025-01-31T01:21:55.357+0000] {processor.py:186} INFO - Started process (PID=2600) to work on /opt/airflow/dags/primeiradag.py
[2025-01-31T01:21:55.359+0000] {processor.py:914} INFO - Processing file /opt/airflow/dags/primeiradag.py for tasks to queue
[2025-01-31T01:21:55.370+0000] {logging_mixin.py:190} INFO - [2025-01-31T01:21:55.369+0000] {dagbag.py:588} INFO - Filling up the DagBag from /opt/airflow/dags/primeiradag.py
[2025-01-31T01:21:55.379+0000] {processor.py:927} WARNING - No viable dags retrieved from /opt/airflow/dags/primeiradag.py
[2025-01-31T01:21:55.405+0000] {processor.py:208} INFO - Processing /opt/airflow/dags/primeiradag.py took 0.065 seconds
[2025-01-31T01:22:00.484+0000] {processor.py:186} INFO - Started process (PID=2601) to work on /opt/airflow/dags/primeiradag.py
[2025-01-31T01:22:00.485+0000] {processor.py:914} INFO - Processing file /opt/airflow/dags/primeiradag.py for tasks to queue
[2025-01-31T01:22:00.492+0000] {logging_mixin.py:190} INFO - [2025-01-31T01:22:00.492+0000] {dagbag.py:588} INFO - Filling up the DagBag from /opt/airflow/dags/primeiradag.py
[2025-01-31T01:22:00.506+0000] {processor.py:927} WARNING - No viable dags retrieved from /opt/airflow/dags/primeiradag.py
[2025-01-31T01:22:00.524+0000] {processor.py:208} INFO - Processing /opt/airflow/dags/primeiradag.py took 0.050 seconds
[2025-01-31T01:22:05.662+0000] {processor.py:186} INFO - Started process (PID=2602) to work on /opt/airflow/dags/primeiradag.py
[2025-01-31T01:22:05.663+0000] {processor.py:914} INFO - Processing file /opt/airflow/dags/primeiradag.py for tasks to queue
[2025-01-31T01:22:05.669+0000] {logging_mixin.py:190} INFO - [2025-01-31T01:22:05.669+0000] {dagbag.py:588} INFO - Filling up the DagBag from /opt/airflow/dags/primeiradag.py
[2025-01-31T01:22:05.684+0000] {processor.py:927} WARNING - No viable dags retrieved from /opt/airflow/dags/primeiradag.py
[2025-01-31T01:22:05.712+0000] {processor.py:208} INFO - Processing /opt/airflow/dags/primeiradag.py took 0.067 seconds
[2025-01-31T01:22:10.808+0000] {processor.py:186} INFO - Started process (PID=2603) to work on /opt/airflow/dags/primeiradag.py
[2025-01-31T01:22:10.812+0000] {processor.py:914} INFO - Processing file /opt/airflow/dags/primeiradag.py for tasks to queue
[2025-01-31T01:22:10.827+0000] {logging_mixin.py:190} INFO - [2025-01-31T01:22:10.826+0000] {dagbag.py:588} INFO - Filling up the DagBag from /opt/airflow/dags/primeiradag.py
[2025-01-31T01:22:10.911+0000] {processor.py:927} WARNING - No viable dags retrieved from /opt/airflow/dags/primeiradag.py
[2025-01-31T01:22:10.939+0000] {processor.py:208} INFO - Processing /opt/airflow/dags/primeiradag.py took 0.165 seconds
[2025-01-31T01:22:16.021+0000] {processor.py:186} INFO - Started process (PID=2610) to work on /opt/airflow/dags/primeiradag.py
[2025-01-31T01:22:16.023+0000] {processor.py:914} INFO - Processing file /opt/airflow/dags/primeiradag.py for tasks to queue
[2025-01-31T01:22:16.028+0000] {logging_mixin.py:190} INFO - [2025-01-31T01:22:16.028+0000] {dagbag.py:588} INFO - Filling up the DagBag from /opt/airflow/dags/primeiradag.py
[2025-01-31T01:22:16.045+0000] {processor.py:927} WARNING - No viable dags retrieved from /opt/airflow/dags/primeiradag.py
[2025-01-31T01:22:16.084+0000] {processor.py:208} INFO - Processing /opt/airflow/dags/primeiradag.py took 0.076 seconds
[2025-01-31T01:22:21.199+0000] {processor.py:186} INFO - Started process (PID=2611) to work on /opt/airflow/dags/primeiradag.py
[2025-01-31T01:22:21.200+0000] {processor.py:914} INFO - Processing file /opt/airflow/dags/primeiradag.py for tasks to queue
[2025-01-31T01:22:21.206+0000] {logging_mixin.py:190} INFO - [2025-01-31T01:22:21.205+0000] {dagbag.py:588} INFO - Filling up the DagBag from /opt/airflow/dags/primeiradag.py
[2025-01-31T01:22:21.220+0000] {processor.py:927} WARNING - No viable dags retrieved from /opt/airflow/dags/primeiradag.py
[2025-01-31T01:22:21.239+0000] {processor.py:208} INFO - Processing /opt/airflow/dags/primeiradag.py took 0.054 seconds
[2025-01-31T01:22:26.423+0000] {processor.py:186} INFO - Started process (PID=2612) to work on /opt/airflow/dags/primeiradag.py
[2025-01-31T01:22:26.427+0000] {processor.py:914} INFO - Processing file /opt/airflow/dags/primeiradag.py for tasks to queue
[2025-01-31T01:22:26.438+0000] {logging_mixin.py:190} INFO - [2025-01-31T01:22:26.437+0000] {dagbag.py:588} INFO - Filling up the DagBag from /opt/airflow/dags/primeiradag.py
[2025-01-31T01:22:26.453+0000] {processor.py:927} WARNING - No viable dags retrieved from /opt/airflow/dags/primeiradag.py
[2025-01-31T01:22:26.482+0000] {processor.py:208} INFO - Processing /opt/airflow/dags/primeiradag.py took 0.094 seconds
[2025-01-31T01:22:31.571+0000] {processor.py:186} INFO - Started process (PID=2613) to work on /opt/airflow/dags/primeiradag.py
[2025-01-31T01:22:31.573+0000] {processor.py:914} INFO - Processing file /opt/airflow/dags/primeiradag.py for tasks to queue
[2025-01-31T01:22:31.579+0000] {logging_mixin.py:190} INFO - [2025-01-31T01:22:31.579+0000] {dagbag.py:588} INFO - Filling up the DagBag from /opt/airflow/dags/primeiradag.py
[2025-01-31T01:22:31.590+0000] {processor.py:927} WARNING - No viable dags retrieved from /opt/airflow/dags/primeiradag.py
[2025-01-31T01:22:31.617+0000] {processor.py:208} INFO - Processing /opt/airflow/dags/primeiradag.py took 0.058 seconds
[2025-01-31T01:22:36.745+0000] {processor.py:186} INFO - Started process (PID=2614) to work on /opt/airflow/dags/primeiradag.py
[2025-01-31T01:22:36.748+0000] {processor.py:914} INFO - Processing file /opt/airflow/dags/primeiradag.py for tasks to queue
[2025-01-31T01:22:36.761+0000] {logging_mixin.py:190} INFO - [2025-01-31T01:22:36.760+0000] {dagbag.py:588} INFO - Filling up the DagBag from /opt/airflow/dags/primeiradag.py
[2025-01-31T01:22:36.778+0000] {processor.py:927} WARNING - No viable dags retrieved from /opt/airflow/dags/primeiradag.py
[2025-01-31T01:22:36.808+0000] {processor.py:208} INFO - Processing /opt/airflow/dags/primeiradag.py took 0.079 seconds
[2025-01-31T01:22:42.004+0000] {processor.py:186} INFO - Started process (PID=2621) to work on /opt/airflow/dags/primeiradag.py
[2025-01-31T01:22:42.007+0000] {processor.py:914} INFO - Processing file /opt/airflow/dags/primeiradag.py for tasks to queue
[2025-01-31T01:22:42.022+0000] {logging_mixin.py:190} INFO - [2025-01-31T01:22:42.018+0000] {dagbag.py:588} INFO - Filling up the DagBag from /opt/airflow/dags/primeiradag.py
[2025-01-31T01:22:42.038+0000] {processor.py:927} WARNING - No viable dags retrieved from /opt/airflow/dags/primeiradag.py
[2025-01-31T01:22:42.085+0000] {processor.py:208} INFO - Processing /opt/airflow/dags/primeiradag.py took 0.109 seconds
[2025-01-31T01:22:47.232+0000] {processor.py:186} INFO - Started process (PID=2622) to work on /opt/airflow/dags/primeiradag.py
[2025-01-31T01:22:47.234+0000] {processor.py:914} INFO - Processing file /opt/airflow/dags/primeiradag.py for tasks to queue
[2025-01-31T01:22:47.245+0000] {logging_mixin.py:190} INFO - [2025-01-31T01:22:47.244+0000] {dagbag.py:588} INFO - Filling up the DagBag from /opt/airflow/dags/primeiradag.py
[2025-01-31T01:22:47.256+0000] {processor.py:927} WARNING - No viable dags retrieved from /opt/airflow/dags/primeiradag.py
[2025-01-31T01:22:47.285+0000] {processor.py:208} INFO - Processing /opt/airflow/dags/primeiradag.py took 0.066 seconds
[2025-01-31T01:22:52.572+0000] {processor.py:186} INFO - Started process (PID=2623) to work on /opt/airflow/dags/primeiradag.py
[2025-01-31T01:22:52.577+0000] {processor.py:914} INFO - Processing file /opt/airflow/dags/primeiradag.py for tasks to queue
[2025-01-31T01:22:52.678+0000] {logging_mixin.py:190} INFO - [2025-01-31T01:22:52.669+0000] {dagbag.py:588} INFO - Filling up the DagBag from /opt/airflow/dags/primeiradag.py
[2025-01-31T01:22:52.713+0000] {processor.py:927} WARNING - No viable dags retrieved from /opt/airflow/dags/primeiradag.py
[2025-01-31T01:22:52.751+0000] {processor.py:208} INFO - Processing /opt/airflow/dags/primeiradag.py took 0.253 seconds
[2025-01-31T01:22:57.920+0000] {processor.py:186} INFO - Started process (PID=2624) to work on /opt/airflow/dags/primeiradag.py
[2025-01-31T01:22:57.922+0000] {processor.py:914} INFO - Processing file /opt/airflow/dags/primeiradag.py for tasks to queue
[2025-01-31T01:22:57.931+0000] {logging_mixin.py:190} INFO - [2025-01-31T01:22:57.930+0000] {dagbag.py:588} INFO - Filling up the DagBag from /opt/airflow/dags/primeiradag.py
[2025-01-31T01:22:57.956+0000] {processor.py:927} WARNING - No viable dags retrieved from /opt/airflow/dags/primeiradag.py
[2025-01-31T01:22:57.990+0000] {processor.py:208} INFO - Processing /opt/airflow/dags/primeiradag.py took 0.096 seconds
[2025-01-31T01:23:03.135+0000] {processor.py:186} INFO - Started process (PID=2625) to work on /opt/airflow/dags/primeiradag.py
[2025-01-31T01:23:03.136+0000] {processor.py:914} INFO - Processing file /opt/airflow/dags/primeiradag.py for tasks to queue
[2025-01-31T01:23:03.141+0000] {logging_mixin.py:190} INFO - [2025-01-31T01:23:03.141+0000] {dagbag.py:588} INFO - Filling up the DagBag from /opt/airflow/dags/primeiradag.py
[2025-01-31T01:23:03.152+0000] {processor.py:927} WARNING - No viable dags retrieved from /opt/airflow/dags/primeiradag.py
[2025-01-31T01:23:03.178+0000] {processor.py:208} INFO - Processing /opt/airflow/dags/primeiradag.py took 0.063 seconds
[2025-01-31T01:23:08.284+0000] {processor.py:186} INFO - Started process (PID=2626) to work on /opt/airflow/dags/primeiradag.py
[2025-01-31T01:23:08.285+0000] {processor.py:914} INFO - Processing file /opt/airflow/dags/primeiradag.py for tasks to queue
[2025-01-31T01:23:08.292+0000] {logging_mixin.py:190} INFO - [2025-01-31T01:23:08.291+0000] {dagbag.py:588} INFO - Filling up the DagBag from /opt/airflow/dags/primeiradag.py
[2025-01-31T01:23:08.303+0000] {processor.py:927} WARNING - No viable dags retrieved from /opt/airflow/dags/primeiradag.py
[2025-01-31T01:23:08.330+0000] {processor.py:208} INFO - Processing /opt/airflow/dags/primeiradag.py took 0.065 seconds
[2025-01-31T01:23:13.494+0000] {processor.py:186} INFO - Started process (PID=2633) to work on /opt/airflow/dags/primeiradag.py
[2025-01-31T01:23:13.498+0000] {processor.py:914} INFO - Processing file /opt/airflow/dags/primeiradag.py for tasks to queue
[2025-01-31T01:23:13.512+0000] {logging_mixin.py:190} INFO - [2025-01-31T01:23:13.511+0000] {dagbag.py:588} INFO - Filling up the DagBag from /opt/airflow/dags/primeiradag.py
[2025-01-31T01:23:13.530+0000] {processor.py:927} WARNING - No viable dags retrieved from /opt/airflow/dags/primeiradag.py
[2025-01-31T01:23:13.568+0000] {processor.py:208} INFO - Processing /opt/airflow/dags/primeiradag.py took 0.095 seconds
[2025-01-31T01:23:18.712+0000] {processor.py:186} INFO - Started process (PID=2634) to work on /opt/airflow/dags/primeiradag.py
[2025-01-31T01:23:18.714+0000] {processor.py:914} INFO - Processing file /opt/airflow/dags/primeiradag.py for tasks to queue
[2025-01-31T01:23:18.721+0000] {logging_mixin.py:190} INFO - [2025-01-31T01:23:18.720+0000] {dagbag.py:588} INFO - Filling up the DagBag from /opt/airflow/dags/primeiradag.py
[2025-01-31T01:23:18.738+0000] {processor.py:927} WARNING - No viable dags retrieved from /opt/airflow/dags/primeiradag.py
[2025-01-31T01:23:18.766+0000] {processor.py:208} INFO - Processing /opt/airflow/dags/primeiradag.py took 0.070 seconds
[2025-01-31T01:23:23.828+0000] {processor.py:186} INFO - Started process (PID=2635) to work on /opt/airflow/dags/primeiradag.py
[2025-01-31T01:23:23.830+0000] {processor.py:914} INFO - Processing file /opt/airflow/dags/primeiradag.py for tasks to queue
[2025-01-31T01:23:23.841+0000] {logging_mixin.py:190} INFO - [2025-01-31T01:23:23.841+0000] {dagbag.py:588} INFO - Filling up the DagBag from /opt/airflow/dags/primeiradag.py
[2025-01-31T01:23:23.848+0000] {processor.py:927} WARNING - No viable dags retrieved from /opt/airflow/dags/primeiradag.py
[2025-01-31T01:23:23.871+0000] {processor.py:208} INFO - Processing /opt/airflow/dags/primeiradag.py took 0.051 seconds
[2025-01-31T01:23:28.973+0000] {processor.py:186} INFO - Started process (PID=2636) to work on /opt/airflow/dags/primeiradag.py
[2025-01-31T01:23:28.975+0000] {processor.py:914} INFO - Processing file /opt/airflow/dags/primeiradag.py for tasks to queue
[2025-01-31T01:23:28.989+0000] {logging_mixin.py:190} INFO - [2025-01-31T01:23:28.988+0000] {dagbag.py:588} INFO - Filling up the DagBag from /opt/airflow/dags/primeiradag.py
[2025-01-31T01:23:28.998+0000] {processor.py:927} WARNING - No viable dags retrieved from /opt/airflow/dags/primeiradag.py
[2025-01-31T01:23:29.028+0000] {processor.py:208} INFO - Processing /opt/airflow/dags/primeiradag.py took 0.078 seconds
[2025-01-31T01:23:34.196+0000] {processor.py:186} INFO - Started process (PID=2637) to work on /opt/airflow/dags/primeiradag.py
[2025-01-31T01:23:34.198+0000] {processor.py:914} INFO - Processing file /opt/airflow/dags/primeiradag.py for tasks to queue
[2025-01-31T01:23:34.213+0000] {logging_mixin.py:190} INFO - [2025-01-31T01:23:34.213+0000] {dagbag.py:588} INFO - Filling up the DagBag from /opt/airflow/dags/primeiradag.py
[2025-01-31T01:23:34.228+0000] {processor.py:927} WARNING - No viable dags retrieved from /opt/airflow/dags/primeiradag.py
[2025-01-31T01:23:34.260+0000] {processor.py:208} INFO - Processing /opt/airflow/dags/primeiradag.py took 0.096 seconds
[2025-01-31T01:23:39.469+0000] {processor.py:186} INFO - Started process (PID=2638) to work on /opt/airflow/dags/primeiradag.py
[2025-01-31T01:23:39.475+0000] {processor.py:914} INFO - Processing file /opt/airflow/dags/primeiradag.py for tasks to queue
[2025-01-31T01:23:39.482+0000] {logging_mixin.py:190} INFO - [2025-01-31T01:23:39.482+0000] {dagbag.py:588} INFO - Filling up the DagBag from /opt/airflow/dags/primeiradag.py
[2025-01-31T01:23:39.494+0000] {processor.py:927} WARNING - No viable dags retrieved from /opt/airflow/dags/primeiradag.py
[2025-01-31T01:23:39.528+0000] {processor.py:208} INFO - Processing /opt/airflow/dags/primeiradag.py took 0.078 seconds
[2025-01-31T01:23:44.681+0000] {processor.py:186} INFO - Started process (PID=2645) to work on /opt/airflow/dags/primeiradag.py
[2025-01-31T01:23:44.684+0000] {processor.py:914} INFO - Processing file /opt/airflow/dags/primeiradag.py for tasks to queue
[2025-01-31T01:23:44.691+0000] {logging_mixin.py:190} INFO - [2025-01-31T01:23:44.690+0000] {dagbag.py:588} INFO - Filling up the DagBag from /opt/airflow/dags/primeiradag.py
[2025-01-31T01:23:44.711+0000] {processor.py:927} WARNING - No viable dags retrieved from /opt/airflow/dags/primeiradag.py
[2025-01-31T01:23:44.752+0000] {processor.py:208} INFO - Processing /opt/airflow/dags/primeiradag.py took 0.093 seconds
[2025-01-31T01:23:49.873+0000] {processor.py:186} INFO - Started process (PID=2646) to work on /opt/airflow/dags/primeiradag.py
[2025-01-31T01:23:49.875+0000] {processor.py:914} INFO - Processing file /opt/airflow/dags/primeiradag.py for tasks to queue
[2025-01-31T01:23:49.881+0000] {logging_mixin.py:190} INFO - [2025-01-31T01:23:49.881+0000] {dagbag.py:588} INFO - Filling up the DagBag from /opt/airflow/dags/primeiradag.py
[2025-01-31T01:23:49.892+0000] {processor.py:927} WARNING - No viable dags retrieved from /opt/airflow/dags/primeiradag.py
[2025-01-31T01:23:49.919+0000] {processor.py:208} INFO - Processing /opt/airflow/dags/primeiradag.py took 0.062 seconds
[2025-01-31T01:23:55.000+0000] {processor.py:186} INFO - Started process (PID=2647) to work on /opt/airflow/dags/primeiradag.py
[2025-01-31T01:23:55.004+0000] {processor.py:914} INFO - Processing file /opt/airflow/dags/primeiradag.py for tasks to queue
[2025-01-31T01:23:55.011+0000] {logging_mixin.py:190} INFO - [2025-01-31T01:23:55.010+0000] {dagbag.py:588} INFO - Filling up the DagBag from /opt/airflow/dags/primeiradag.py
[2025-01-31T01:23:55.023+0000] {processor.py:927} WARNING - No viable dags retrieved from /opt/airflow/dags/primeiradag.py
[2025-01-31T01:23:55.052+0000] {processor.py:208} INFO - Processing /opt/airflow/dags/primeiradag.py took 0.071 seconds
[2025-01-31T01:24:00.232+0000] {processor.py:186} INFO - Started process (PID=2648) to work on /opt/airflow/dags/primeiradag.py
[2025-01-31T01:24:00.235+0000] {processor.py:914} INFO - Processing file /opt/airflow/dags/primeiradag.py for tasks to queue
[2025-01-31T01:24:00.246+0000] {logging_mixin.py:190} INFO - [2025-01-31T01:24:00.245+0000] {dagbag.py:588} INFO - Filling up the DagBag from /opt/airflow/dags/primeiradag.py
[2025-01-31T01:24:00.256+0000] {processor.py:927} WARNING - No viable dags retrieved from /opt/airflow/dags/primeiradag.py
[2025-01-31T01:24:00.289+0000] {processor.py:208} INFO - Processing /opt/airflow/dags/primeiradag.py took 0.076 seconds
[2025-01-31T01:24:05.460+0000] {processor.py:186} INFO - Started process (PID=2649) to work on /opt/airflow/dags/primeiradag.py
[2025-01-31T01:24:05.461+0000] {processor.py:914} INFO - Processing file /opt/airflow/dags/primeiradag.py for tasks to queue
[2025-01-31T01:24:05.467+0000] {logging_mixin.py:190} INFO - [2025-01-31T01:24:05.467+0000] {dagbag.py:588} INFO - Filling up the DagBag from /opt/airflow/dags/primeiradag.py
[2025-01-31T01:24:05.480+0000] {processor.py:927} WARNING - No viable dags retrieved from /opt/airflow/dags/primeiradag.py
[2025-01-31T01:24:05.509+0000] {processor.py:208} INFO - Processing /opt/airflow/dags/primeiradag.py took 0.066 seconds
[2025-01-31T01:24:10.644+0000] {processor.py:186} INFO - Started process (PID=2650) to work on /opt/airflow/dags/primeiradag.py
[2025-01-31T01:24:10.646+0000] {processor.py:914} INFO - Processing file /opt/airflow/dags/primeiradag.py for tasks to queue
[2025-01-31T01:24:10.652+0000] {logging_mixin.py:190} INFO - [2025-01-31T01:24:10.651+0000] {dagbag.py:588} INFO - Filling up the DagBag from /opt/airflow/dags/primeiradag.py
[2025-01-31T01:24:10.666+0000] {processor.py:927} WARNING - No viable dags retrieved from /opt/airflow/dags/primeiradag.py
[2025-01-31T01:24:10.687+0000] {processor.py:208} INFO - Processing /opt/airflow/dags/primeiradag.py took 0.064 seconds
[2025-01-31T01:24:15.840+0000] {processor.py:186} INFO - Started process (PID=2657) to work on /opt/airflow/dags/primeiradag.py
[2025-01-31T01:24:15.847+0000] {processor.py:914} INFO - Processing file /opt/airflow/dags/primeiradag.py for tasks to queue
[2025-01-31T01:24:15.853+0000] {logging_mixin.py:190} INFO - [2025-01-31T01:24:15.852+0000] {dagbag.py:588} INFO - Filling up the DagBag from /opt/airflow/dags/primeiradag.py
[2025-01-31T01:24:15.862+0000] {processor.py:927} WARNING - No viable dags retrieved from /opt/airflow/dags/primeiradag.py
[2025-01-31T01:24:15.889+0000] {processor.py:208} INFO - Processing /opt/airflow/dags/primeiradag.py took 0.065 seconds
[2025-01-31T01:24:21.025+0000] {processor.py:186} INFO - Started process (PID=2658) to work on /opt/airflow/dags/primeiradag.py
[2025-01-31T01:24:21.027+0000] {processor.py:914} INFO - Processing file /opt/airflow/dags/primeiradag.py for tasks to queue
[2025-01-31T01:24:21.039+0000] {logging_mixin.py:190} INFO - [2025-01-31T01:24:21.038+0000] {dagbag.py:588} INFO - Filling up the DagBag from /opt/airflow/dags/primeiradag.py
[2025-01-31T01:24:21.055+0000] {processor.py:927} WARNING - No viable dags retrieved from /opt/airflow/dags/primeiradag.py
[2025-01-31T01:24:21.084+0000] {processor.py:208} INFO - Processing /opt/airflow/dags/primeiradag.py took 0.078 seconds
[2025-01-31T01:24:26.160+0000] {processor.py:186} INFO - Started process (PID=2659) to work on /opt/airflow/dags/primeiradag.py
[2025-01-31T01:24:26.161+0000] {processor.py:914} INFO - Processing file /opt/airflow/dags/primeiradag.py for tasks to queue
[2025-01-31T01:24:26.167+0000] {logging_mixin.py:190} INFO - [2025-01-31T01:24:26.166+0000] {dagbag.py:588} INFO - Filling up the DagBag from /opt/airflow/dags/primeiradag.py
[2025-01-31T01:24:26.183+0000] {processor.py:927} WARNING - No viable dags retrieved from /opt/airflow/dags/primeiradag.py
[2025-01-31T01:24:26.214+0000] {processor.py:208} INFO - Processing /opt/airflow/dags/primeiradag.py took 0.068 seconds
[2025-01-31T01:24:31.291+0000] {processor.py:186} INFO - Started process (PID=2660) to work on /opt/airflow/dags/primeiradag.py
[2025-01-31T01:24:31.292+0000] {processor.py:914} INFO - Processing file /opt/airflow/dags/primeiradag.py for tasks to queue
[2025-01-31T01:24:31.303+0000] {logging_mixin.py:190} INFO - [2025-01-31T01:24:31.300+0000] {dagbag.py:588} INFO - Filling up the DagBag from /opt/airflow/dags/primeiradag.py
[2025-01-31T01:24:31.313+0000] {processor.py:927} WARNING - No viable dags retrieved from /opt/airflow/dags/primeiradag.py
[2025-01-31T01:24:31.333+0000] {processor.py:208} INFO - Processing /opt/airflow/dags/primeiradag.py took 0.059 seconds
[2025-01-31T01:24:36.498+0000] {processor.py:186} INFO - Started process (PID=2661) to work on /opt/airflow/dags/primeiradag.py
[2025-01-31T01:24:36.500+0000] {processor.py:914} INFO - Processing file /opt/airflow/dags/primeiradag.py for tasks to queue
[2025-01-31T01:24:36.510+0000] {logging_mixin.py:190} INFO - [2025-01-31T01:24:36.509+0000] {dagbag.py:588} INFO - Filling up the DagBag from /opt/airflow/dags/primeiradag.py
[2025-01-31T01:24:36.522+0000] {processor.py:927} WARNING - No viable dags retrieved from /opt/airflow/dags/primeiradag.py
[2025-01-31T01:24:36.554+0000] {processor.py:208} INFO - Processing /opt/airflow/dags/primeiradag.py took 0.075 seconds
[2025-01-31T01:24:41.682+0000] {processor.py:186} INFO - Started process (PID=2662) to work on /opt/airflow/dags/primeiradag.py
[2025-01-31T01:24:41.685+0000] {processor.py:914} INFO - Processing file /opt/airflow/dags/primeiradag.py for tasks to queue
[2025-01-31T01:24:41.690+0000] {logging_mixin.py:190} INFO - [2025-01-31T01:24:41.689+0000] {dagbag.py:588} INFO - Filling up the DagBag from /opt/airflow/dags/primeiradag.py
[2025-01-31T01:24:41.700+0000] {processor.py:927} WARNING - No viable dags retrieved from /opt/airflow/dags/primeiradag.py
[2025-01-31T01:24:41.732+0000] {processor.py:208} INFO - Processing /opt/airflow/dags/primeiradag.py took 0.070 seconds
[2025-01-31T01:24:46.885+0000] {processor.py:186} INFO - Started process (PID=2669) to work on /opt/airflow/dags/primeiradag.py
[2025-01-31T01:24:46.889+0000] {processor.py:914} INFO - Processing file /opt/airflow/dags/primeiradag.py for tasks to queue
[2025-01-31T01:24:46.895+0000] {logging_mixin.py:190} INFO - [2025-01-31T01:24:46.894+0000] {dagbag.py:588} INFO - Filling up the DagBag from /opt/airflow/dags/primeiradag.py
[2025-01-31T01:24:46.905+0000] {processor.py:927} WARNING - No viable dags retrieved from /opt/airflow/dags/primeiradag.py
[2025-01-31T01:24:46.931+0000] {processor.py:208} INFO - Processing /opt/airflow/dags/primeiradag.py took 0.058 seconds
[2025-01-31T01:24:52.017+0000] {processor.py:186} INFO - Started process (PID=2670) to work on /opt/airflow/dags/primeiradag.py
[2025-01-31T01:24:52.019+0000] {processor.py:914} INFO - Processing file /opt/airflow/dags/primeiradag.py for tasks to queue
[2025-01-31T01:24:52.025+0000] {logging_mixin.py:190} INFO - [2025-01-31T01:24:52.025+0000] {dagbag.py:588} INFO - Filling up the DagBag from /opt/airflow/dags/primeiradag.py
[2025-01-31T01:24:52.053+0000] {processor.py:927} WARNING - No viable dags retrieved from /opt/airflow/dags/primeiradag.py
[2025-01-31T01:24:52.072+0000] {processor.py:208} INFO - Processing /opt/airflow/dags/primeiradag.py took 0.070 seconds
[2025-01-31T01:24:57.177+0000] {processor.py:186} INFO - Started process (PID=2671) to work on /opt/airflow/dags/primeiradag.py
[2025-01-31T01:24:57.178+0000] {processor.py:914} INFO - Processing file /opt/airflow/dags/primeiradag.py for tasks to queue
[2025-01-31T01:24:57.185+0000] {logging_mixin.py:190} INFO - [2025-01-31T01:24:57.185+0000] {dagbag.py:588} INFO - Filling up the DagBag from /opt/airflow/dags/primeiradag.py
[2025-01-31T01:24:57.194+0000] {processor.py:927} WARNING - No viable dags retrieved from /opt/airflow/dags/primeiradag.py
[2025-01-31T01:24:57.225+0000] {processor.py:208} INFO - Processing /opt/airflow/dags/primeiradag.py took 0.071 seconds
[2025-01-31T01:25:02.325+0000] {processor.py:186} INFO - Started process (PID=2672) to work on /opt/airflow/dags/primeiradag.py
[2025-01-31T01:25:02.326+0000] {processor.py:914} INFO - Processing file /opt/airflow/dags/primeiradag.py for tasks to queue
[2025-01-31T01:25:02.330+0000] {logging_mixin.py:190} INFO - [2025-01-31T01:25:02.330+0000] {dagbag.py:588} INFO - Filling up the DagBag from /opt/airflow/dags/primeiradag.py
[2025-01-31T01:25:02.340+0000] {processor.py:927} WARNING - No viable dags retrieved from /opt/airflow/dags/primeiradag.py
[2025-01-31T01:25:02.372+0000] {processor.py:208} INFO - Processing /opt/airflow/dags/primeiradag.py took 0.069 seconds
[2025-01-31T01:25:07.503+0000] {processor.py:186} INFO - Started process (PID=2673) to work on /opt/airflow/dags/primeiradag.py
[2025-01-31T01:25:07.504+0000] {processor.py:914} INFO - Processing file /opt/airflow/dags/primeiradag.py for tasks to queue
[2025-01-31T01:25:07.509+0000] {logging_mixin.py:190} INFO - [2025-01-31T01:25:07.508+0000] {dagbag.py:588} INFO - Filling up the DagBag from /opt/airflow/dags/primeiradag.py
[2025-01-31T01:25:07.523+0000] {processor.py:927} WARNING - No viable dags retrieved from /opt/airflow/dags/primeiradag.py
[2025-01-31T01:25:07.556+0000] {processor.py:208} INFO - Processing /opt/airflow/dags/primeiradag.py took 0.071 seconds
[2025-01-31T01:25:12.757+0000] {processor.py:186} INFO - Started process (PID=2680) to work on /opt/airflow/dags/primeiradag.py
[2025-01-31T01:25:12.761+0000] {processor.py:914} INFO - Processing file /opt/airflow/dags/primeiradag.py for tasks to queue
[2025-01-31T01:25:12.776+0000] {logging_mixin.py:190} INFO - [2025-01-31T01:25:12.775+0000] {dagbag.py:588} INFO - Filling up the DagBag from /opt/airflow/dags/primeiradag.py
[2025-01-31T01:25:12.786+0000] {processor.py:927} WARNING - No viable dags retrieved from /opt/airflow/dags/primeiradag.py
[2025-01-31T01:25:12.810+0000] {processor.py:208} INFO - Processing /opt/airflow/dags/primeiradag.py took 0.069 seconds
[2025-01-31T01:25:15.902+0000] {processor.py:186} INFO - Started process (PID=2681) to work on /opt/airflow/dags/primeiradag.py
[2025-01-31T01:25:15.904+0000] {processor.py:914} INFO - Processing file /opt/airflow/dags/primeiradag.py for tasks to queue
[2025-01-31T01:25:15.910+0000] {logging_mixin.py:190} INFO - [2025-01-31T01:25:15.909+0000] {dagbag.py:588} INFO - Filling up the DagBag from /opt/airflow/dags/primeiradag.py
[2025-01-31T01:25:15.990+0000] {processor.py:925} INFO - DAG(s) 'primeira_dag' retrieved from /opt/airflow/dags/primeiradag.py
[2025-01-31T01:25:16.423+0000] {logging_mixin.py:190} INFO - [2025-01-31T01:25:16.422+0000] {override.py:1911} INFO - Created Permission View: can edit on DAG:primeira_dag
[2025-01-31T01:25:16.432+0000] {logging_mixin.py:190} INFO - [2025-01-31T01:25:16.432+0000] {override.py:1911} INFO - Created Permission View: can delete on DAG:primeira_dag
[2025-01-31T01:25:16.435+0000] {logging_mixin.py:190} INFO - [2025-01-31T01:25:16.435+0000] {override.py:1911} INFO - Created Permission View: can read on DAG:primeira_dag
[2025-01-31T01:25:16.438+0000] {logging_mixin.py:190} INFO - [2025-01-31T01:25:16.438+0000] {override.py:1911} INFO - Created Permission View: can delete on DAG Run:primeira_dag
[2025-01-31T01:25:16.440+0000] {logging_mixin.py:190} INFO - [2025-01-31T01:25:16.440+0000] {override.py:1911} INFO - Created Permission View: can create on DAG Run:primeira_dag
[2025-01-31T01:25:16.442+0000] {logging_mixin.py:190} INFO - [2025-01-31T01:25:16.442+0000] {override.py:1911} INFO - Created Permission View: menu access on DAG Run:primeira_dag
[2025-01-31T01:25:16.444+0000] {logging_mixin.py:190} INFO - [2025-01-31T01:25:16.444+0000] {override.py:1911} INFO - Created Permission View: can read on DAG Run:primeira_dag
[2025-01-31T01:25:16.444+0000] {logging_mixin.py:190} INFO - [2025-01-31T01:25:16.444+0000] {dag.py:3239} INFO - Sync 1 DAGs
[2025-01-31T01:25:16.456+0000] {logging_mixin.py:190} INFO - [2025-01-31T01:25:16.456+0000] {dag.py:3262} INFO - Creating ORM DAG for primeira_dag
[2025-01-31T01:25:16.457+0000] {logging_mixin.py:190} INFO - [2025-01-31T01:25:16.456+0000] {dag.py:4180} INFO - Setting next_dagrun for primeira_dag to None, run_after=None
[2025-01-31T01:25:16.467+0000] {processor.py:208} INFO - Processing /opt/airflow/dags/primeiradag.py took 0.584 seconds
[2025-01-31T01:25:21.638+0000] {processor.py:186} INFO - Started process (PID=2682) to work on /opt/airflow/dags/primeiradag.py
[2025-01-31T01:25:21.640+0000] {processor.py:914} INFO - Processing file /opt/airflow/dags/primeiradag.py for tasks to queue
[2025-01-31T01:25:21.653+0000] {logging_mixin.py:190} INFO - [2025-01-31T01:25:21.653+0000] {dagbag.py:588} INFO - Filling up the DagBag from /opt/airflow/dags/primeiradag.py
[2025-01-31T01:25:21.680+0000] {processor.py:925} INFO - DAG(s) 'primeira_dag' retrieved from /opt/airflow/dags/primeiradag.py
[2025-01-31T01:25:21.699+0000] {logging_mixin.py:190} INFO - [2025-01-31T01:25:21.699+0000] {dag.py:3239} INFO - Sync 1 DAGs
[2025-01-31T01:25:21.721+0000] {logging_mixin.py:190} INFO - [2025-01-31T01:25:21.721+0000] {dag.py:4180} INFO - Setting next_dagrun for primeira_dag to None, run_after=None
[2025-01-31T01:25:21.734+0000] {processor.py:208} INFO - Processing /opt/airflow/dags/primeiradag.py took 0.113 seconds
[2025-01-31T01:25:26.860+0000] {processor.py:186} INFO - Started process (PID=2683) to work on /opt/airflow/dags/primeiradag.py
[2025-01-31T01:25:26.862+0000] {processor.py:914} INFO - Processing file /opt/airflow/dags/primeiradag.py for tasks to queue
[2025-01-31T01:25:26.868+0000] {logging_mixin.py:190} INFO - [2025-01-31T01:25:26.867+0000] {dagbag.py:588} INFO - Filling up the DagBag from /opt/airflow/dags/primeiradag.py
[2025-01-31T01:25:26.894+0000] {processor.py:925} INFO - DAG(s) 'primeira_dag' retrieved from /opt/airflow/dags/primeiradag.py
[2025-01-31T01:25:26.925+0000] {logging_mixin.py:190} INFO - [2025-01-31T01:25:26.925+0000] {dag.py:3239} INFO - Sync 1 DAGs
[2025-01-31T01:25:26.941+0000] {logging_mixin.py:190} INFO - [2025-01-31T01:25:26.941+0000] {dag.py:4180} INFO - Setting next_dagrun for primeira_dag to None, run_after=None
[2025-01-31T01:25:26.955+0000] {processor.py:208} INFO - Processing /opt/airflow/dags/primeiradag.py took 0.110 seconds
[2025-01-31T01:25:32.095+0000] {processor.py:186} INFO - Started process (PID=2684) to work on /opt/airflow/dags/primeiradag.py
[2025-01-31T01:25:32.098+0000] {processor.py:914} INFO - Processing file /opt/airflow/dags/primeiradag.py for tasks to queue
[2025-01-31T01:25:32.112+0000] {logging_mixin.py:190} INFO - [2025-01-31T01:25:32.108+0000] {dagbag.py:588} INFO - Filling up the DagBag from /opt/airflow/dags/primeiradag.py
[2025-01-31T01:25:32.163+0000] {processor.py:925} INFO - DAG(s) 'primeira_dag' retrieved from /opt/airflow/dags/primeiradag.py
[2025-01-31T01:25:32.196+0000] {logging_mixin.py:190} INFO - [2025-01-31T01:25:32.195+0000] {dag.py:3239} INFO - Sync 1 DAGs
[2025-01-31T01:25:32.226+0000] {logging_mixin.py:190} INFO - [2025-01-31T01:25:32.226+0000] {dag.py:4180} INFO - Setting next_dagrun for primeira_dag to None, run_after=None
[2025-01-31T01:25:32.256+0000] {processor.py:208} INFO - Processing /opt/airflow/dags/primeiradag.py took 0.181 seconds
[2025-01-31T01:25:37.373+0000] {processor.py:186} INFO - Started process (PID=2685) to work on /opt/airflow/dags/primeiradag.py
[2025-01-31T01:25:37.377+0000] {processor.py:914} INFO - Processing file /opt/airflow/dags/primeiradag.py for tasks to queue
[2025-01-31T01:25:37.388+0000] {logging_mixin.py:190} INFO - [2025-01-31T01:25:37.387+0000] {dagbag.py:588} INFO - Filling up the DagBag from /opt/airflow/dags/primeiradag.py
[2025-01-31T01:25:37.419+0000] {processor.py:925} INFO - DAG(s) 'primeira_dag' retrieved from /opt/airflow/dags/primeiradag.py
[2025-01-31T01:25:37.434+0000] {logging_mixin.py:190} INFO - [2025-01-31T01:25:37.434+0000] {dag.py:3239} INFO - Sync 1 DAGs
[2025-01-31T01:25:37.450+0000] {logging_mixin.py:190} INFO - [2025-01-31T01:25:37.450+0000] {dag.py:4180} INFO - Setting next_dagrun for primeira_dag to None, run_after=None
[2025-01-31T01:25:37.462+0000] {processor.py:208} INFO - Processing /opt/airflow/dags/primeiradag.py took 0.106 seconds
[2025-01-31T01:25:42.620+0000] {processor.py:186} INFO - Started process (PID=2686) to work on /opt/airflow/dags/primeiradag.py
[2025-01-31T01:25:42.623+0000] {processor.py:914} INFO - Processing file /opt/airflow/dags/primeiradag.py for tasks to queue
[2025-01-31T01:25:42.630+0000] {logging_mixin.py:190} INFO - [2025-01-31T01:25:42.629+0000] {dagbag.py:588} INFO - Filling up the DagBag from /opt/airflow/dags/primeiradag.py
[2025-01-31T01:25:42.672+0000] {processor.py:925} INFO - DAG(s) 'primeira_dag' retrieved from /opt/airflow/dags/primeiradag.py
[2025-01-31T01:25:42.694+0000] {logging_mixin.py:190} INFO - [2025-01-31T01:25:42.694+0000] {dag.py:3239} INFO - Sync 1 DAGs
[2025-01-31T01:25:42.711+0000] {logging_mixin.py:190} INFO - [2025-01-31T01:25:42.711+0000] {dag.py:4180} INFO - Setting next_dagrun for primeira_dag to None, run_after=None
[2025-01-31T01:25:42.736+0000] {processor.py:208} INFO - Processing /opt/airflow/dags/primeiradag.py took 0.148 seconds
[2025-01-31T01:25:46.752+0000] {processor.py:186} INFO - Started process (PID=2693) to work on /opt/airflow/dags/primeiradag.py
[2025-01-31T01:25:46.754+0000] {processor.py:914} INFO - Processing file /opt/airflow/dags/primeiradag.py for tasks to queue
[2025-01-31T01:25:46.762+0000] {logging_mixin.py:190} INFO - [2025-01-31T01:25:46.761+0000] {dagbag.py:588} INFO - Filling up the DagBag from /opt/airflow/dags/primeiradag.py
[2025-01-31T01:25:46.806+0000] {processor.py:925} INFO - DAG(s) 'primeira_dag' retrieved from /opt/airflow/dags/primeiradag.py
[2025-01-31T01:25:46.875+0000] {logging_mixin.py:190} INFO - [2025-01-31T01:25:46.875+0000] {dag.py:3239} INFO - Sync 1 DAGs
[2025-01-31T01:25:46.896+0000] {logging_mixin.py:190} INFO - [2025-01-31T01:25:46.896+0000] {dag.py:4180} INFO - Setting next_dagrun for primeira_dag to None, run_after=None
[2025-01-31T01:25:46.972+0000] {processor.py:208} INFO - Processing /opt/airflow/dags/primeiradag.py took 0.240 seconds
[2025-01-31T01:25:52.481+0000] {processor.py:186} INFO - Started process (PID=2694) to work on /opt/airflow/dags/primeiradag.py
[2025-01-31T01:25:52.484+0000] {processor.py:914} INFO - Processing file /opt/airflow/dags/primeiradag.py for tasks to queue
[2025-01-31T01:25:52.495+0000] {logging_mixin.py:190} INFO - [2025-01-31T01:25:52.494+0000] {dagbag.py:588} INFO - Filling up the DagBag from /opt/airflow/dags/primeiradag.py
[2025-01-31T01:25:52.523+0000] {processor.py:925} INFO - DAG(s) 'primeira_dag' retrieved from /opt/airflow/dags/primeiradag.py
[2025-01-31T01:25:52.581+0000] {logging_mixin.py:190} INFO - [2025-01-31T01:25:52.581+0000] {dag.py:3239} INFO - Sync 1 DAGs
[2025-01-31T01:25:52.609+0000] {logging_mixin.py:190} INFO - [2025-01-31T01:25:52.609+0000] {dag.py:4180} INFO - Setting next_dagrun for primeira_dag to None, run_after=None
[2025-01-31T01:25:52.623+0000] {processor.py:208} INFO - Processing /opt/airflow/dags/primeiradag.py took 0.170 seconds
[2025-01-31T01:25:57.748+0000] {processor.py:186} INFO - Started process (PID=2695) to work on /opt/airflow/dags/primeiradag.py
[2025-01-31T01:25:57.750+0000] {processor.py:914} INFO - Processing file /opt/airflow/dags/primeiradag.py for tasks to queue
[2025-01-31T01:25:57.756+0000] {logging_mixin.py:190} INFO - [2025-01-31T01:25:57.755+0000] {dagbag.py:588} INFO - Filling up the DagBag from /opt/airflow/dags/primeiradag.py
[2025-01-31T01:25:57.786+0000] {processor.py:925} INFO - DAG(s) 'primeira_dag' retrieved from /opt/airflow/dags/primeiradag.py
[2025-01-31T01:25:57.836+0000] {logging_mixin.py:190} INFO - [2025-01-31T01:25:57.835+0000] {dag.py:3239} INFO - Sync 1 DAGs
[2025-01-31T01:25:57.852+0000] {logging_mixin.py:190} INFO - [2025-01-31T01:25:57.852+0000] {dag.py:4180} INFO - Setting next_dagrun for primeira_dag to None, run_after=None
[2025-01-31T01:25:57.868+0000] {processor.py:208} INFO - Processing /opt/airflow/dags/primeiradag.py took 0.145 seconds
[2025-01-31T01:25:58.755+0000] {processor.py:186} INFO - Started process (PID=2696) to work on /opt/airflow/dags/primeiradag.py
[2025-01-31T01:25:58.756+0000] {processor.py:914} INFO - Processing file /opt/airflow/dags/primeiradag.py for tasks to queue
[2025-01-31T01:25:58.759+0000] {logging_mixin.py:190} INFO - [2025-01-31T01:25:58.758+0000] {dagbag.py:588} INFO - Filling up the DagBag from /opt/airflow/dags/primeiradag.py
[2025-01-31T01:25:58.783+0000] {processor.py:925} INFO - DAG(s) 'primeira_dag' retrieved from /opt/airflow/dags/primeiradag.py
[2025-01-31T01:25:58.806+0000] {logging_mixin.py:190} INFO - [2025-01-31T01:25:58.806+0000] {dag.py:3239} INFO - Sync 1 DAGs
[2025-01-31T01:25:58.815+0000] {logging_mixin.py:190} INFO - [2025-01-31T01:25:58.815+0000] {dag.py:4180} INFO - Setting next_dagrun for primeira_dag to None, run_after=None
[2025-01-31T01:25:58.825+0000] {processor.py:208} INFO - Processing /opt/airflow/dags/primeiradag.py took 0.076 seconds
[2025-01-31T01:26:03.893+0000] {processor.py:186} INFO - Started process (PID=2697) to work on /opt/airflow/dags/primeiradag.py
[2025-01-31T01:26:03.895+0000] {processor.py:914} INFO - Processing file /opt/airflow/dags/primeiradag.py for tasks to queue
[2025-01-31T01:26:03.906+0000] {logging_mixin.py:190} INFO - [2025-01-31T01:26:03.904+0000] {dagbag.py:588} INFO - Filling up the DagBag from /opt/airflow/dags/primeiradag.py
[2025-01-31T01:26:03.942+0000] {processor.py:925} INFO - DAG(s) 'primeira_dag' retrieved from /opt/airflow/dags/primeiradag.py
[2025-01-31T01:26:03.996+0000] {logging_mixin.py:190} INFO - [2025-01-31T01:26:03.996+0000] {dag.py:3239} INFO - Sync 1 DAGs
[2025-01-31T01:26:04.018+0000] {logging_mixin.py:190} INFO - [2025-01-31T01:26:04.018+0000] {dag.py:4180} INFO - Setting next_dagrun for primeira_dag to None, run_after=None
[2025-01-31T01:26:04.038+0000] {processor.py:208} INFO - Processing /opt/airflow/dags/primeiradag.py took 0.161 seconds
[2025-01-31T01:26:09.231+0000] {processor.py:186} INFO - Started process (PID=2698) to work on /opt/airflow/dags/primeiradag.py
[2025-01-31T01:26:09.233+0000] {processor.py:914} INFO - Processing file /opt/airflow/dags/primeiradag.py for tasks to queue
[2025-01-31T01:26:09.239+0000] {logging_mixin.py:190} INFO - [2025-01-31T01:26:09.238+0000] {dagbag.py:588} INFO - Filling up the DagBag from /opt/airflow/dags/primeiradag.py
[2025-01-31T01:26:09.263+0000] {processor.py:925} INFO - DAG(s) 'primeira_dag' retrieved from /opt/airflow/dags/primeiradag.py
[2025-01-31T01:26:09.300+0000] {logging_mixin.py:190} INFO - [2025-01-31T01:26:09.300+0000] {dag.py:3239} INFO - Sync 1 DAGs
[2025-01-31T01:26:09.314+0000] {logging_mixin.py:190} INFO - [2025-01-31T01:26:09.314+0000] {dag.py:4180} INFO - Setting next_dagrun for primeira_dag to None, run_after=None
[2025-01-31T01:26:09.331+0000] {processor.py:208} INFO - Processing /opt/airflow/dags/primeiradag.py took 0.110 seconds
[2025-01-31T01:26:14.445+0000] {processor.py:186} INFO - Started process (PID=2704) to work on /opt/airflow/dags/primeiradag.py
[2025-01-31T01:26:14.446+0000] {processor.py:914} INFO - Processing file /opt/airflow/dags/primeiradag.py for tasks to queue
[2025-01-31T01:26:14.456+0000] {logging_mixin.py:190} INFO - [2025-01-31T01:26:14.456+0000] {dagbag.py:588} INFO - Filling up the DagBag from /opt/airflow/dags/primeiradag.py
[2025-01-31T01:26:14.492+0000] {processor.py:925} INFO - DAG(s) 'primeira_dag' retrieved from /opt/airflow/dags/primeiradag.py
[2025-01-31T01:26:14.555+0000] {logging_mixin.py:190} INFO - [2025-01-31T01:26:14.555+0000] {dag.py:3239} INFO - Sync 1 DAGs
[2025-01-31T01:26:14.575+0000] {logging_mixin.py:190} INFO - [2025-01-31T01:26:14.575+0000] {dag.py:4180} INFO - Setting next_dagrun for primeira_dag to None, run_after=None
[2025-01-31T01:26:14.589+0000] {processor.py:208} INFO - Processing /opt/airflow/dags/primeiradag.py took 0.167 seconds
[2025-01-31T01:26:19.759+0000] {processor.py:186} INFO - Started process (PID=2705) to work on /opt/airflow/dags/primeiradag.py
[2025-01-31T01:26:19.761+0000] {processor.py:914} INFO - Processing file /opt/airflow/dags/primeiradag.py for tasks to queue
[2025-01-31T01:26:19.773+0000] {logging_mixin.py:190} INFO - [2025-01-31T01:26:19.772+0000] {dagbag.py:588} INFO - Filling up the DagBag from /opt/airflow/dags/primeiradag.py
[2025-01-31T01:26:19.857+0000] {processor.py:925} INFO - DAG(s) 'primeira_dag' retrieved from /opt/airflow/dags/primeiradag.py
[2025-01-31T01:26:20.122+0000] {logging_mixin.py:190} INFO - [2025-01-31T01:26:20.121+0000] {dag.py:3239} INFO - Sync 1 DAGs
[2025-01-31T01:26:20.184+0000] {logging_mixin.py:190} INFO - [2025-01-31T01:26:20.184+0000] {dag.py:4180} INFO - Setting next_dagrun for primeira_dag to None, run_after=None
[2025-01-31T01:26:20.220+0000] {processor.py:208} INFO - Processing /opt/airflow/dags/primeiradag.py took 0.484 seconds
[2025-01-31T01:26:25.383+0000] {processor.py:186} INFO - Started process (PID=2706) to work on /opt/airflow/dags/primeiradag.py
[2025-01-31T01:26:25.385+0000] {processor.py:914} INFO - Processing file /opt/airflow/dags/primeiradag.py for tasks to queue
[2025-01-31T01:26:25.391+0000] {logging_mixin.py:190} INFO - [2025-01-31T01:26:25.391+0000] {dagbag.py:588} INFO - Filling up the DagBag from /opt/airflow/dags/primeiradag.py
[2025-01-31T01:26:25.425+0000] {processor.py:925} INFO - DAG(s) 'primeira_dag' retrieved from /opt/airflow/dags/primeiradag.py
[2025-01-31T01:26:25.505+0000] {logging_mixin.py:190} INFO - [2025-01-31T01:26:25.504+0000] {dag.py:3239} INFO - Sync 1 DAGs
[2025-01-31T01:26:25.527+0000] {logging_mixin.py:190} INFO - [2025-01-31T01:26:25.527+0000] {dag.py:4180} INFO - Setting next_dagrun for primeira_dag to None, run_after=None
[2025-01-31T01:26:25.544+0000] {processor.py:208} INFO - Processing /opt/airflow/dags/primeiradag.py took 0.191 seconds
[2025-01-31T01:26:30.685+0000] {processor.py:186} INFO - Started process (PID=2707) to work on /opt/airflow/dags/primeiradag.py
[2025-01-31T01:26:30.688+0000] {processor.py:914} INFO - Processing file /opt/airflow/dags/primeiradag.py for tasks to queue
[2025-01-31T01:26:30.699+0000] {logging_mixin.py:190} INFO - [2025-01-31T01:26:30.698+0000] {dagbag.py:588} INFO - Filling up the DagBag from /opt/airflow/dags/primeiradag.py
[2025-01-31T01:26:30.734+0000] {processor.py:925} INFO - DAG(s) 'primeira_dag' retrieved from /opt/airflow/dags/primeiradag.py
[2025-01-31T01:26:30.774+0000] {logging_mixin.py:190} INFO - [2025-01-31T01:26:30.774+0000] {dag.py:3239} INFO - Sync 1 DAGs
[2025-01-31T01:26:30.796+0000] {logging_mixin.py:190} INFO - [2025-01-31T01:26:30.796+0000] {dag.py:4180} INFO - Setting next_dagrun for primeira_dag to None, run_after=None
[2025-01-31T01:26:30.809+0000] {processor.py:208} INFO - Processing /opt/airflow/dags/primeiradag.py took 0.142 seconds
[2025-01-31T01:26:35.976+0000] {processor.py:186} INFO - Started process (PID=2708) to work on /opt/airflow/dags/primeiradag.py
[2025-01-31T01:26:35.978+0000] {processor.py:914} INFO - Processing file /opt/airflow/dags/primeiradag.py for tasks to queue
[2025-01-31T01:26:35.986+0000] {logging_mixin.py:190} INFO - [2025-01-31T01:26:35.986+0000] {dagbag.py:588} INFO - Filling up the DagBag from /opt/airflow/dags/primeiradag.py
[2025-01-31T01:26:36.012+0000] {processor.py:925} INFO - DAG(s) 'primeira_dag' retrieved from /opt/airflow/dags/primeiradag.py
[2025-01-31T01:26:36.061+0000] {logging_mixin.py:190} INFO - [2025-01-31T01:26:36.061+0000] {dag.py:3239} INFO - Sync 1 DAGs
[2025-01-31T01:26:36.078+0000] {logging_mixin.py:190} INFO - [2025-01-31T01:26:36.078+0000] {dag.py:4180} INFO - Setting next_dagrun for primeira_dag to None, run_after=None
[2025-01-31T01:26:36.094+0000] {processor.py:208} INFO - Processing /opt/airflow/dags/primeiradag.py took 0.136 seconds
[2025-01-31T01:26:41.193+0000] {processor.py:186} INFO - Started process (PID=2709) to work on /opt/airflow/dags/primeiradag.py
[2025-01-31T01:26:41.195+0000] {processor.py:914} INFO - Processing file /opt/airflow/dags/primeiradag.py for tasks to queue
[2025-01-31T01:26:41.200+0000] {logging_mixin.py:190} INFO - [2025-01-31T01:26:41.200+0000] {dagbag.py:588} INFO - Filling up the DagBag from /opt/airflow/dags/primeiradag.py
[2025-01-31T01:26:41.221+0000] {processor.py:925} INFO - DAG(s) 'primeira_dag' retrieved from /opt/airflow/dags/primeiradag.py
[2025-01-31T01:26:41.276+0000] {logging_mixin.py:190} INFO - [2025-01-31T01:26:41.275+0000] {dag.py:3239} INFO - Sync 1 DAGs
[2025-01-31T01:26:41.298+0000] {logging_mixin.py:190} INFO - [2025-01-31T01:26:41.298+0000] {dag.py:4180} INFO - Setting next_dagrun for primeira_dag to None, run_after=None
[2025-01-31T01:26:41.322+0000] {processor.py:208} INFO - Processing /opt/airflow/dags/primeiradag.py took 0.147 seconds
[2025-01-31T01:26:46.472+0000] {processor.py:186} INFO - Started process (PID=2716) to work on /opt/airflow/dags/primeiradag.py
[2025-01-31T01:26:46.474+0000] {processor.py:914} INFO - Processing file /opt/airflow/dags/primeiradag.py for tasks to queue
[2025-01-31T01:26:46.485+0000] {logging_mixin.py:190} INFO - [2025-01-31T01:26:46.484+0000] {dagbag.py:588} INFO - Filling up the DagBag from /opt/airflow/dags/primeiradag.py
[2025-01-31T01:26:46.513+0000] {processor.py:925} INFO - DAG(s) 'primeira_dag' retrieved from /opt/airflow/dags/primeiradag.py
[2025-01-31T01:26:46.563+0000] {logging_mixin.py:190} INFO - [2025-01-31T01:26:46.563+0000] {dag.py:3239} INFO - Sync 1 DAGs
[2025-01-31T01:26:46.587+0000] {logging_mixin.py:190} INFO - [2025-01-31T01:26:46.587+0000] {dag.py:4180} INFO - Setting next_dagrun for primeira_dag to None, run_after=None
[2025-01-31T01:26:46.603+0000] {processor.py:208} INFO - Processing /opt/airflow/dags/primeiradag.py took 0.150 seconds
[2025-01-31T01:26:51.770+0000] {processor.py:186} INFO - Started process (PID=2717) to work on /opt/airflow/dags/primeiradag.py
[2025-01-31T01:26:51.773+0000] {processor.py:914} INFO - Processing file /opt/airflow/dags/primeiradag.py for tasks to queue
[2025-01-31T01:26:51.789+0000] {logging_mixin.py:190} INFO - [2025-01-31T01:26:51.788+0000] {dagbag.py:588} INFO - Filling up the DagBag from /opt/airflow/dags/primeiradag.py
[2025-01-31T01:26:51.811+0000] {processor.py:925} INFO - DAG(s) 'primeira_dag' retrieved from /opt/airflow/dags/primeiradag.py
[2025-01-31T01:26:51.856+0000] {logging_mixin.py:190} INFO - [2025-01-31T01:26:51.855+0000] {dag.py:3239} INFO - Sync 1 DAGs
[2025-01-31T01:26:51.876+0000] {logging_mixin.py:190} INFO - [2025-01-31T01:26:51.876+0000] {dag.py:4180} INFO - Setting next_dagrun for primeira_dag to None, run_after=None
[2025-01-31T01:26:51.889+0000] {processor.py:208} INFO - Processing /opt/airflow/dags/primeiradag.py took 0.147 seconds
[2025-01-31T01:26:57.028+0000] {processor.py:186} INFO - Started process (PID=2718) to work on /opt/airflow/dags/primeiradag.py
[2025-01-31T01:26:57.031+0000] {processor.py:914} INFO - Processing file /opt/airflow/dags/primeiradag.py for tasks to queue
[2025-01-31T01:26:57.040+0000] {logging_mixin.py:190} INFO - [2025-01-31T01:26:57.039+0000] {dagbag.py:588} INFO - Filling up the DagBag from /opt/airflow/dags/primeiradag.py
[2025-01-31T01:26:57.068+0000] {processor.py:925} INFO - DAG(s) 'primeira_dag' retrieved from /opt/airflow/dags/primeiradag.py
[2025-01-31T01:26:57.112+0000] {logging_mixin.py:190} INFO - [2025-01-31T01:26:57.112+0000] {dag.py:3239} INFO - Sync 1 DAGs
[2025-01-31T01:26:57.132+0000] {logging_mixin.py:190} INFO - [2025-01-31T01:26:57.132+0000] {dag.py:4180} INFO - Setting next_dagrun for primeira_dag to None, run_after=None
[2025-01-31T01:26:57.143+0000] {processor.py:208} INFO - Processing /opt/airflow/dags/primeiradag.py took 0.137 seconds
[2025-01-31T01:27:02.311+0000] {processor.py:186} INFO - Started process (PID=2719) to work on /opt/airflow/dags/primeiradag.py
[2025-01-31T01:27:02.314+0000] {processor.py:914} INFO - Processing file /opt/airflow/dags/primeiradag.py for tasks to queue
[2025-01-31T01:27:02.328+0000] {logging_mixin.py:190} INFO - [2025-01-31T01:27:02.328+0000] {dagbag.py:588} INFO - Filling up the DagBag from /opt/airflow/dags/primeiradag.py
[2025-01-31T01:27:02.400+0000] {processor.py:925} INFO - DAG(s) 'primeira_dag' retrieved from /opt/airflow/dags/primeiradag.py
[2025-01-31T01:27:02.487+0000] {logging_mixin.py:190} INFO - [2025-01-31T01:27:02.487+0000] {dag.py:3239} INFO - Sync 1 DAGs
[2025-01-31T01:27:02.527+0000] {logging_mixin.py:190} INFO - [2025-01-31T01:27:02.527+0000] {dag.py:4180} INFO - Setting next_dagrun for primeira_dag to None, run_after=None
[2025-01-31T01:27:02.543+0000] {processor.py:208} INFO - Processing /opt/airflow/dags/primeiradag.py took 0.259 seconds
[2025-01-31T01:27:07.707+0000] {processor.py:186} INFO - Started process (PID=2720) to work on /opt/airflow/dags/primeiradag.py
[2025-01-31T01:27:07.709+0000] {processor.py:914} INFO - Processing file /opt/airflow/dags/primeiradag.py for tasks to queue
[2025-01-31T01:27:07.717+0000] {logging_mixin.py:190} INFO - [2025-01-31T01:27:07.715+0000] {dagbag.py:588} INFO - Filling up the DagBag from /opt/airflow/dags/primeiradag.py
[2025-01-31T01:27:07.743+0000] {processor.py:925} INFO - DAG(s) 'primeira_dag' retrieved from /opt/airflow/dags/primeiradag.py
[2025-01-31T01:27:07.784+0000] {logging_mixin.py:190} INFO - [2025-01-31T01:27:07.784+0000] {dag.py:3239} INFO - Sync 1 DAGs
[2025-01-31T01:27:07.809+0000] {logging_mixin.py:190} INFO - [2025-01-31T01:27:07.809+0000] {dag.py:4180} INFO - Setting next_dagrun for primeira_dag to None, run_after=None
[2025-01-31T01:27:07.821+0000] {processor.py:208} INFO - Processing /opt/airflow/dags/primeiradag.py took 0.138 seconds
[2025-01-31T01:27:12.903+0000] {processor.py:186} INFO - Started process (PID=2721) to work on /opt/airflow/dags/primeiradag.py
[2025-01-31T01:27:12.911+0000] {processor.py:914} INFO - Processing file /opt/airflow/dags/primeiradag.py for tasks to queue
[2025-01-31T01:27:12.919+0000] {logging_mixin.py:190} INFO - [2025-01-31T01:27:12.918+0000] {dagbag.py:588} INFO - Filling up the DagBag from /opt/airflow/dags/primeiradag.py
[2025-01-31T01:27:12.942+0000] {processor.py:925} INFO - DAG(s) 'primeira_dag' retrieved from /opt/airflow/dags/primeiradag.py
[2025-01-31T01:27:12.999+0000] {logging_mixin.py:190} INFO - [2025-01-31T01:27:12.999+0000] {dag.py:3239} INFO - Sync 1 DAGs
[2025-01-31T01:27:13.027+0000] {logging_mixin.py:190} INFO - [2025-01-31T01:27:13.026+0000] {dag.py:4180} INFO - Setting next_dagrun for primeira_dag to None, run_after=None
[2025-01-31T01:27:13.073+0000] {processor.py:208} INFO - Processing /opt/airflow/dags/primeiradag.py took 0.184 seconds
[2025-01-31T01:27:18.194+0000] {processor.py:186} INFO - Started process (PID=2728) to work on /opt/airflow/dags/primeiradag.py
[2025-01-31T01:27:18.196+0000] {processor.py:914} INFO - Processing file /opt/airflow/dags/primeiradag.py for tasks to queue
[2025-01-31T01:27:18.209+0000] {logging_mixin.py:190} INFO - [2025-01-31T01:27:18.208+0000] {dagbag.py:588} INFO - Filling up the DagBag from /opt/airflow/dags/primeiradag.py
[2025-01-31T01:27:18.230+0000] {processor.py:925} INFO - DAG(s) 'primeira_dag' retrieved from /opt/airflow/dags/primeiradag.py
[2025-01-31T01:27:18.276+0000] {logging_mixin.py:190} INFO - [2025-01-31T01:27:18.276+0000] {dag.py:3239} INFO - Sync 1 DAGs
[2025-01-31T01:27:18.289+0000] {logging_mixin.py:190} INFO - [2025-01-31T01:27:18.289+0000] {dag.py:4180} INFO - Setting next_dagrun for primeira_dag to None, run_after=None
[2025-01-31T01:27:18.305+0000] {processor.py:208} INFO - Processing /opt/airflow/dags/primeiradag.py took 0.126 seconds
[2025-01-31T01:27:23.453+0000] {processor.py:186} INFO - Started process (PID=2729) to work on /opt/airflow/dags/primeiradag.py
[2025-01-31T01:27:23.459+0000] {processor.py:914} INFO - Processing file /opt/airflow/dags/primeiradag.py for tasks to queue
[2025-01-31T01:27:23.465+0000] {logging_mixin.py:190} INFO - [2025-01-31T01:27:23.464+0000] {dagbag.py:588} INFO - Filling up the DagBag from /opt/airflow/dags/primeiradag.py
[2025-01-31T01:27:23.512+0000] {processor.py:925} INFO - DAG(s) 'primeira_dag' retrieved from /opt/airflow/dags/primeiradag.py
[2025-01-31T01:27:23.561+0000] {logging_mixin.py:190} INFO - [2025-01-31T01:27:23.561+0000] {dag.py:3239} INFO - Sync 1 DAGs
[2025-01-31T01:27:23.580+0000] {logging_mixin.py:190} INFO - [2025-01-31T01:27:23.580+0000] {dag.py:4180} INFO - Setting next_dagrun for primeira_dag to None, run_after=None
[2025-01-31T01:27:23.592+0000] {processor.py:208} INFO - Processing /opt/airflow/dags/primeiradag.py took 0.156 seconds
[2025-01-31T01:27:28.826+0000] {processor.py:186} INFO - Started process (PID=2730) to work on /opt/airflow/dags/primeiradag.py
[2025-01-31T01:27:28.827+0000] {processor.py:914} INFO - Processing file /opt/airflow/dags/primeiradag.py for tasks to queue
[2025-01-31T01:27:28.834+0000] {logging_mixin.py:190} INFO - [2025-01-31T01:27:28.833+0000] {dagbag.py:588} INFO - Filling up the DagBag from /opt/airflow/dags/primeiradag.py
[2025-01-31T01:27:28.861+0000] {processor.py:925} INFO - DAG(s) 'primeira_dag' retrieved from /opt/airflow/dags/primeiradag.py
[2025-01-31T01:27:28.904+0000] {logging_mixin.py:190} INFO - [2025-01-31T01:27:28.904+0000] {dag.py:3239} INFO - Sync 1 DAGs
[2025-01-31T01:27:28.925+0000] {logging_mixin.py:190} INFO - [2025-01-31T01:27:28.925+0000] {dag.py:4180} INFO - Setting next_dagrun for primeira_dag to None, run_after=None
[2025-01-31T01:27:28.940+0000] {processor.py:208} INFO - Processing /opt/airflow/dags/primeiradag.py took 0.134 seconds
[2025-01-31T01:27:34.062+0000] {processor.py:186} INFO - Started process (PID=2731) to work on /opt/airflow/dags/primeiradag.py
[2025-01-31T01:27:34.063+0000] {processor.py:914} INFO - Processing file /opt/airflow/dags/primeiradag.py for tasks to queue
[2025-01-31T01:27:34.076+0000] {logging_mixin.py:190} INFO - [2025-01-31T01:27:34.074+0000] {dagbag.py:588} INFO - Filling up the DagBag from /opt/airflow/dags/primeiradag.py
[2025-01-31T01:27:34.120+0000] {processor.py:925} INFO - DAG(s) 'primeira_dag' retrieved from /opt/airflow/dags/primeiradag.py
[2025-01-31T01:27:34.199+0000] {logging_mixin.py:190} INFO - [2025-01-31T01:27:34.198+0000] {dag.py:3239} INFO - Sync 1 DAGs
[2025-01-31T01:27:34.227+0000] {logging_mixin.py:190} INFO - [2025-01-31T01:27:34.227+0000] {dag.py:4180} INFO - Setting next_dagrun for primeira_dag to None, run_after=None
[2025-01-31T01:27:34.242+0000] {processor.py:208} INFO - Processing /opt/airflow/dags/primeiradag.py took 0.205 seconds
[2025-01-31T01:27:39.422+0000] {processor.py:186} INFO - Started process (PID=2732) to work on /opt/airflow/dags/primeiradag.py
[2025-01-31T01:27:39.425+0000] {processor.py:914} INFO - Processing file /opt/airflow/dags/primeiradag.py for tasks to queue
[2025-01-31T01:27:39.430+0000] {logging_mixin.py:190} INFO - [2025-01-31T01:27:39.429+0000] {dagbag.py:588} INFO - Filling up the DagBag from /opt/airflow/dags/primeiradag.py
[2025-01-31T01:27:39.459+0000] {processor.py:925} INFO - DAG(s) 'primeira_dag' retrieved from /opt/airflow/dags/primeiradag.py
[2025-01-31T01:27:39.520+0000] {logging_mixin.py:190} INFO - [2025-01-31T01:27:39.520+0000] {dag.py:3239} INFO - Sync 1 DAGs
[2025-01-31T01:27:39.541+0000] {logging_mixin.py:190} INFO - [2025-01-31T01:27:39.541+0000] {dag.py:4180} INFO - Setting next_dagrun for primeira_dag to None, run_after=None
[2025-01-31T01:27:39.566+0000] {processor.py:208} INFO - Processing /opt/airflow/dags/primeiradag.py took 0.162 seconds
[2025-01-31T01:27:44.811+0000] {processor.py:186} INFO - Started process (PID=2739) to work on /opt/airflow/dags/primeiradag.py
[2025-01-31T01:27:44.822+0000] {processor.py:914} INFO - Processing file /opt/airflow/dags/primeiradag.py for tasks to queue
[2025-01-31T01:27:44.847+0000] {logging_mixin.py:190} INFO - [2025-01-31T01:27:44.846+0000] {dagbag.py:588} INFO - Filling up the DagBag from /opt/airflow/dags/primeiradag.py
[2025-01-31T01:27:44.926+0000] {processor.py:925} INFO - DAG(s) 'primeira_dag' retrieved from /opt/airflow/dags/primeiradag.py
[2025-01-31T01:27:45.116+0000] {logging_mixin.py:190} INFO - [2025-01-31T01:27:45.115+0000] {dag.py:3239} INFO - Sync 1 DAGs
[2025-01-31T01:27:45.206+0000] {logging_mixin.py:190} INFO - [2025-01-31T01:27:45.206+0000] {dag.py:4180} INFO - Setting next_dagrun for primeira_dag to None, run_after=None
[2025-01-31T01:27:45.242+0000] {processor.py:208} INFO - Processing /opt/airflow/dags/primeiradag.py took 0.451 seconds
[2025-01-31T01:27:50.466+0000] {processor.py:186} INFO - Started process (PID=2740) to work on /opt/airflow/dags/primeiradag.py
[2025-01-31T01:27:50.474+0000] {processor.py:914} INFO - Processing file /opt/airflow/dags/primeiradag.py for tasks to queue
[2025-01-31T01:27:50.492+0000] {logging_mixin.py:190} INFO - [2025-01-31T01:27:50.491+0000] {dagbag.py:588} INFO - Filling up the DagBag from /opt/airflow/dags/primeiradag.py
[2025-01-31T01:27:50.519+0000] {processor.py:925} INFO - DAG(s) 'primeira_dag' retrieved from /opt/airflow/dags/primeiradag.py
[2025-01-31T01:27:50.570+0000] {logging_mixin.py:190} INFO - [2025-01-31T01:27:50.570+0000] {dag.py:3239} INFO - Sync 1 DAGs
[2025-01-31T01:27:50.588+0000] {logging_mixin.py:190} INFO - [2025-01-31T01:27:50.588+0000] {dag.py:4180} INFO - Setting next_dagrun for primeira_dag to None, run_after=None
[2025-01-31T01:27:50.602+0000] {processor.py:208} INFO - Processing /opt/airflow/dags/primeiradag.py took 0.159 seconds
[2025-01-31T01:27:55.732+0000] {processor.py:186} INFO - Started process (PID=2741) to work on /opt/airflow/dags/primeiradag.py
[2025-01-31T01:27:55.734+0000] {processor.py:914} INFO - Processing file /opt/airflow/dags/primeiradag.py for tasks to queue
[2025-01-31T01:27:55.745+0000] {logging_mixin.py:190} INFO - [2025-01-31T01:27:55.744+0000] {dagbag.py:588} INFO - Filling up the DagBag from /opt/airflow/dags/primeiradag.py
[2025-01-31T01:27:55.770+0000] {processor.py:925} INFO - DAG(s) 'primeira_dag' retrieved from /opt/airflow/dags/primeiradag.py
[2025-01-31T01:27:55.819+0000] {logging_mixin.py:190} INFO - [2025-01-31T01:27:55.819+0000] {dag.py:3239} INFO - Sync 1 DAGs
[2025-01-31T01:27:55.840+0000] {logging_mixin.py:190} INFO - [2025-01-31T01:27:55.839+0000] {dag.py:4180} INFO - Setting next_dagrun for primeira_dag to None, run_after=None
[2025-01-31T01:27:55.864+0000] {processor.py:208} INFO - Processing /opt/airflow/dags/primeiradag.py took 0.154 seconds
[2025-01-31T01:27:58.826+0000] {processor.py:186} INFO - Started process (PID=2742) to work on /opt/airflow/dags/primeiradag.py
[2025-01-31T01:27:58.828+0000] {processor.py:914} INFO - Processing file /opt/airflow/dags/primeiradag.py for tasks to queue
[2025-01-31T01:27:58.836+0000] {logging_mixin.py:190} INFO - [2025-01-31T01:27:58.836+0000] {dagbag.py:588} INFO - Filling up the DagBag from /opt/airflow/dags/primeiradag.py
[2025-01-31T01:27:58.867+0000] {processor.py:925} INFO - DAG(s) 'primeira_dag' retrieved from /opt/airflow/dags/primeiradag.py
[2025-01-31T01:27:59.008+0000] {logging_mixin.py:190} INFO - [2025-01-31T01:27:59.008+0000] {dag.py:3239} INFO - Sync 1 DAGs
[2025-01-31T01:27:59.018+0000] {logging_mixin.py:190} INFO - [2025-01-31T01:27:59.018+0000] {dag.py:4180} INFO - Setting next_dagrun for primeira_dag to None, run_after=None
[2025-01-31T01:27:59.032+0000] {processor.py:208} INFO - Processing /opt/airflow/dags/primeiradag.py took 0.224 seconds
[2025-01-31T01:28:04.217+0000] {processor.py:186} INFO - Started process (PID=2743) to work on /opt/airflow/dags/primeiradag.py
[2025-01-31T01:28:04.219+0000] {processor.py:914} INFO - Processing file /opt/airflow/dags/primeiradag.py for tasks to queue
[2025-01-31T01:28:04.232+0000] {logging_mixin.py:190} INFO - [2025-01-31T01:28:04.230+0000] {dagbag.py:588} INFO - Filling up the DagBag from /opt/airflow/dags/primeiradag.py
[2025-01-31T01:28:04.262+0000] {processor.py:925} INFO - DAG(s) 'primeira_dag' retrieved from /opt/airflow/dags/primeiradag.py
[2025-01-31T01:28:04.292+0000] {logging_mixin.py:190} INFO - [2025-01-31T01:28:04.292+0000] {dag.py:3239} INFO - Sync 1 DAGs
[2025-01-31T01:28:04.316+0000] {logging_mixin.py:190} INFO - [2025-01-31T01:28:04.316+0000] {dag.py:4180} INFO - Setting next_dagrun for primeira_dag to None, run_after=None
[2025-01-31T01:28:04.332+0000] {processor.py:208} INFO - Processing /opt/airflow/dags/primeiradag.py took 0.134 seconds
[2025-01-31T01:28:09.461+0000] {processor.py:186} INFO - Started process (PID=2744) to work on /opt/airflow/dags/primeiradag.py
[2025-01-31T01:28:09.462+0000] {processor.py:914} INFO - Processing file /opt/airflow/dags/primeiradag.py for tasks to queue
[2025-01-31T01:28:09.469+0000] {logging_mixin.py:190} INFO - [2025-01-31T01:28:09.468+0000] {dagbag.py:588} INFO - Filling up the DagBag from /opt/airflow/dags/primeiradag.py
[2025-01-31T01:28:09.497+0000] {processor.py:925} INFO - DAG(s) 'primeira_dag' retrieved from /opt/airflow/dags/primeiradag.py
[2025-01-31T01:28:09.531+0000] {logging_mixin.py:190} INFO - [2025-01-31T01:28:09.531+0000] {dag.py:3239} INFO - Sync 1 DAGs
[2025-01-31T01:28:09.553+0000] {logging_mixin.py:190} INFO - [2025-01-31T01:28:09.553+0000] {dag.py:4180} INFO - Setting next_dagrun for primeira_dag to None, run_after=None
[2025-01-31T01:28:09.566+0000] {processor.py:208} INFO - Processing /opt/airflow/dags/primeiradag.py took 0.119 seconds
[2025-01-31T01:28:11.774+0000] {processor.py:186} INFO - Started process (PID=2745) to work on /opt/airflow/dags/primeiradag.py
[2025-01-31T01:28:11.777+0000] {processor.py:914} INFO - Processing file /opt/airflow/dags/primeiradag.py for tasks to queue
[2025-01-31T01:28:11.803+0000] {logging_mixin.py:190} INFO - [2025-01-31T01:28:11.795+0000] {dagbag.py:588} INFO - Filling up the DagBag from /opt/airflow/dags/primeiradag.py
[2025-01-31T01:28:11.902+0000] {processor.py:925} INFO - DAG(s) 'primeira_dag' retrieved from /opt/airflow/dags/primeiradag.py
[2025-01-31T01:28:12.012+0000] {logging_mixin.py:190} INFO - [2025-01-31T01:28:12.011+0000] {dag.py:3239} INFO - Sync 1 DAGs
[2025-01-31T01:28:12.092+0000] {logging_mixin.py:190} INFO - [2025-01-31T01:28:12.092+0000] {dag.py:4180} INFO - Setting next_dagrun for primeira_dag to None, run_after=None
[2025-01-31T01:28:12.124+0000] {processor.py:208} INFO - Processing /opt/airflow/dags/primeiradag.py took 0.407 seconds
[2025-01-31T01:28:17.343+0000] {processor.py:186} INFO - Started process (PID=2752) to work on /opt/airflow/dags/primeiradag.py
[2025-01-31T01:28:17.345+0000] {processor.py:914} INFO - Processing file /opt/airflow/dags/primeiradag.py for tasks to queue
[2025-01-31T01:28:17.354+0000] {logging_mixin.py:190} INFO - [2025-01-31T01:28:17.353+0000] {dagbag.py:588} INFO - Filling up the DagBag from /opt/airflow/dags/primeiradag.py
[2025-01-31T01:28:17.385+0000] {processor.py:925} INFO - DAG(s) 'primeira_dag' retrieved from /opt/airflow/dags/primeiradag.py
[2025-01-31T01:28:17.537+0000] {logging_mixin.py:190} INFO - [2025-01-31T01:28:17.537+0000] {dag.py:3239} INFO - Sync 1 DAGs
[2025-01-31T01:28:17.556+0000] {logging_mixin.py:190} INFO - [2025-01-31T01:28:17.555+0000] {dag.py:3262} INFO - Creating ORM DAG for primeira_dag
[2025-01-31T01:28:17.560+0000] {logging_mixin.py:190} INFO - [2025-01-31T01:28:17.559+0000] {dag.py:4180} INFO - Setting next_dagrun for primeira_dag to None, run_after=None
[2025-01-31T01:28:18.112+0000] {processor.py:208} INFO - Processing /opt/airflow/dags/primeiradag.py took 0.793 seconds
[2025-01-31T01:28:19.234+0000] {processor.py:186} INFO - Started process (PID=2753) to work on /opt/airflow/dags/primeiradag.py
[2025-01-31T01:28:19.236+0000] {processor.py:914} INFO - Processing file /opt/airflow/dags/primeiradag.py for tasks to queue
[2025-01-31T01:28:19.241+0000] {logging_mixin.py:190} INFO - [2025-01-31T01:28:19.240+0000] {dagbag.py:588} INFO - Filling up the DagBag from /opt/airflow/dags/primeiradag.py
[2025-01-31T01:28:19.266+0000] {processor.py:925} INFO - DAG(s) 'primeira_dag' retrieved from /opt/airflow/dags/primeiradag.py
[2025-01-31T01:28:19.291+0000] {logging_mixin.py:190} INFO - [2025-01-31T01:28:19.291+0000] {dag.py:3239} INFO - Sync 1 DAGs
[2025-01-31T01:28:19.308+0000] {logging_mixin.py:190} INFO - [2025-01-31T01:28:19.307+0000] {dag.py:4180} INFO - Setting next_dagrun for primeira_dag to None, run_after=None
[2025-01-31T01:28:19.354+0000] {processor.py:208} INFO - Processing /opt/airflow/dags/primeiradag.py took 0.132 seconds
[2025-01-31T01:28:24.512+0000] {processor.py:186} INFO - Started process (PID=2754) to work on /opt/airflow/dags/primeiradag.py
[2025-01-31T01:28:24.515+0000] {processor.py:914} INFO - Processing file /opt/airflow/dags/primeiradag.py for tasks to queue
[2025-01-31T01:28:24.525+0000] {logging_mixin.py:190} INFO - [2025-01-31T01:28:24.524+0000] {dagbag.py:588} INFO - Filling up the DagBag from /opt/airflow/dags/primeiradag.py
[2025-01-31T01:28:24.545+0000] {processor.py:925} INFO - DAG(s) 'primeira_dag' retrieved from /opt/airflow/dags/primeiradag.py
[2025-01-31T01:28:24.572+0000] {logging_mixin.py:190} INFO - [2025-01-31T01:28:24.572+0000] {dag.py:3239} INFO - Sync 1 DAGs
[2025-01-31T01:28:24.603+0000] {logging_mixin.py:190} INFO - [2025-01-31T01:28:24.603+0000] {dag.py:4180} INFO - Setting next_dagrun for primeira_dag to None, run_after=None
[2025-01-31T01:28:24.629+0000] {processor.py:208} INFO - Processing /opt/airflow/dags/primeiradag.py took 0.130 seconds
[2025-01-31T01:28:29.765+0000] {processor.py:186} INFO - Started process (PID=2755) to work on /opt/airflow/dags/primeiradag.py
[2025-01-31T01:28:29.766+0000] {processor.py:914} INFO - Processing file /opt/airflow/dags/primeiradag.py for tasks to queue
[2025-01-31T01:28:29.771+0000] {logging_mixin.py:190} INFO - [2025-01-31T01:28:29.771+0000] {dagbag.py:588} INFO - Filling up the DagBag from /opt/airflow/dags/primeiradag.py
[2025-01-31T01:28:29.812+0000] {processor.py:925} INFO - DAG(s) 'primeira_dag' retrieved from /opt/airflow/dags/primeiradag.py
[2025-01-31T01:28:29.905+0000] {logging_mixin.py:190} INFO - [2025-01-31T01:28:29.905+0000] {dag.py:3239} INFO - Sync 1 DAGs
[2025-01-31T01:28:29.929+0000] {logging_mixin.py:190} INFO - [2025-01-31T01:28:29.929+0000] {dag.py:4180} INFO - Setting next_dagrun for primeira_dag to None, run_after=None
[2025-01-31T01:28:29.942+0000] {processor.py:208} INFO - Processing /opt/airflow/dags/primeiradag.py took 0.194 seconds
[2025-01-31T01:28:35.040+0000] {processor.py:186} INFO - Started process (PID=2756) to work on /opt/airflow/dags/primeiradag.py
[2025-01-31T01:28:35.041+0000] {processor.py:914} INFO - Processing file /opt/airflow/dags/primeiradag.py for tasks to queue
[2025-01-31T01:28:35.048+0000] {logging_mixin.py:190} INFO - [2025-01-31T01:28:35.047+0000] {dagbag.py:588} INFO - Filling up the DagBag from /opt/airflow/dags/primeiradag.py
[2025-01-31T01:28:35.075+0000] {processor.py:925} INFO - DAG(s) 'primeira_dag' retrieved from /opt/airflow/dags/primeiradag.py
[2025-01-31T01:28:35.102+0000] {logging_mixin.py:190} INFO - [2025-01-31T01:28:35.102+0000] {dag.py:3239} INFO - Sync 1 DAGs
[2025-01-31T01:28:35.125+0000] {logging_mixin.py:190} INFO - [2025-01-31T01:28:35.125+0000] {dag.py:4180} INFO - Setting next_dagrun for primeira_dag to None, run_after=None
[2025-01-31T01:28:35.138+0000] {processor.py:208} INFO - Processing /opt/airflow/dags/primeiradag.py took 0.114 seconds
[2025-01-31T01:28:36.048+0000] {processor.py:186} INFO - Started process (PID=2757) to work on /opt/airflow/dags/primeiradag.py
[2025-01-31T01:28:36.050+0000] {processor.py:914} INFO - Processing file /opt/airflow/dags/primeiradag.py for tasks to queue
[2025-01-31T01:28:36.053+0000] {logging_mixin.py:190} INFO - [2025-01-31T01:28:36.052+0000] {dagbag.py:588} INFO - Filling up the DagBag from /opt/airflow/dags/primeiradag.py
[2025-01-31T01:28:36.065+0000] {processor.py:925} INFO - DAG(s) 'primeira_dag' retrieved from /opt/airflow/dags/primeiradag.py
[2025-01-31T01:28:36.082+0000] {logging_mixin.py:190} INFO - [2025-01-31T01:28:36.082+0000] {dag.py:3239} INFO - Sync 1 DAGs
[2025-01-31T01:28:36.092+0000] {logging_mixin.py:190} INFO - [2025-01-31T01:28:36.092+0000] {dag.py:4180} INFO - Setting next_dagrun for primeira_dag to None, run_after=None
[2025-01-31T01:28:36.102+0000] {processor.py:208} INFO - Processing /opt/airflow/dags/primeiradag.py took 0.061 seconds
[2025-01-31T01:28:41.257+0000] {processor.py:186} INFO - Started process (PID=2758) to work on /opt/airflow/dags/primeiradag.py
[2025-01-31T01:28:41.258+0000] {processor.py:914} INFO - Processing file /opt/airflow/dags/primeiradag.py for tasks to queue
[2025-01-31T01:28:41.264+0000] {logging_mixin.py:190} INFO - [2025-01-31T01:28:41.263+0000] {dagbag.py:588} INFO - Filling up the DagBag from /opt/airflow/dags/primeiradag.py
[2025-01-31T01:28:41.290+0000] {processor.py:925} INFO - DAG(s) 'primeira_dag' retrieved from /opt/airflow/dags/primeiradag.py
[2025-01-31T01:28:41.316+0000] {logging_mixin.py:190} INFO - [2025-01-31T01:28:41.316+0000] {dag.py:3239} INFO - Sync 1 DAGs
[2025-01-31T01:28:41.339+0000] {logging_mixin.py:190} INFO - [2025-01-31T01:28:41.339+0000] {dag.py:4180} INFO - Setting next_dagrun for primeira_dag to None, run_after=None
[2025-01-31T01:28:41.356+0000] {processor.py:208} INFO - Processing /opt/airflow/dags/primeiradag.py took 0.121 seconds
[2025-01-31T01:28:44.464+0000] {processor.py:186} INFO - Started process (PID=2765) to work on /opt/airflow/dags/primeiradag.py
[2025-01-31T01:28:44.467+0000] {processor.py:914} INFO - Processing file /opt/airflow/dags/primeiradag.py for tasks to queue
[2025-01-31T01:28:44.476+0000] {logging_mixin.py:190} INFO - [2025-01-31T01:28:44.475+0000] {dagbag.py:588} INFO - Filling up the DagBag from /opt/airflow/dags/primeiradag.py
[2025-01-31T01:28:44.508+0000] {processor.py:925} INFO - DAG(s) 'primeira_dag' retrieved from /opt/airflow/dags/primeiradag.py
[2025-01-31T01:28:44.536+0000] {logging_mixin.py:190} INFO - [2025-01-31T01:28:44.536+0000] {dag.py:3239} INFO - Sync 1 DAGs
[2025-01-31T01:28:44.609+0000] {logging_mixin.py:190} INFO - [2025-01-31T01:28:44.609+0000] {dag.py:4180} INFO - Setting next_dagrun for primeira_dag to None, run_after=None
[2025-01-31T01:28:44.625+0000] {processor.py:208} INFO - Processing /opt/airflow/dags/primeiradag.py took 0.178 seconds
[2025-01-31T01:28:49.719+0000] {processor.py:186} INFO - Started process (PID=2766) to work on /opt/airflow/dags/primeiradag.py
[2025-01-31T01:28:49.720+0000] {processor.py:914} INFO - Processing file /opt/airflow/dags/primeiradag.py for tasks to queue
[2025-01-31T01:28:49.725+0000] {logging_mixin.py:190} INFO - [2025-01-31T01:28:49.725+0000] {dagbag.py:588} INFO - Filling up the DagBag from /opt/airflow/dags/primeiradag.py
[2025-01-31T01:28:49.745+0000] {processor.py:925} INFO - DAG(s) 'primeira_dag' retrieved from /opt/airflow/dags/primeiradag.py
[2025-01-31T01:28:49.938+0000] {logging_mixin.py:190} INFO - [2025-01-31T01:28:49.938+0000] {dag.py:3239} INFO - Sync 1 DAGs
[2025-01-31T01:28:49.948+0000] {logging_mixin.py:190} INFO - [2025-01-31T01:28:49.948+0000] {dag.py:4180} INFO - Setting next_dagrun for primeira_dag to None, run_after=None
[2025-01-31T01:28:49.961+0000] {processor.py:208} INFO - Processing /opt/airflow/dags/primeiradag.py took 0.259 seconds
[2025-01-31T01:28:52.791+0000] {processor.py:186} INFO - Started process (PID=2767) to work on /opt/airflow/dags/primeiradag.py
[2025-01-31T01:28:52.793+0000] {processor.py:914} INFO - Processing file /opt/airflow/dags/primeiradag.py for tasks to queue
[2025-01-31T01:28:52.804+0000] {logging_mixin.py:190} INFO - [2025-01-31T01:28:52.803+0000] {dagbag.py:588} INFO - Filling up the DagBag from /opt/airflow/dags/primeiradag.py
[2025-01-31T01:28:52.879+0000] {processor.py:925} INFO - DAG(s) 'primeira_dag' retrieved from /opt/airflow/dags/primeiradag.py
[2025-01-31T01:28:52.930+0000] {logging_mixin.py:190} INFO - [2025-01-31T01:28:52.930+0000] {dag.py:3239} INFO - Sync 1 DAGs
[2025-01-31T01:28:52.949+0000] {logging_mixin.py:190} INFO - [2025-01-31T01:28:52.949+0000] {dag.py:4180} INFO - Setting next_dagrun for primeira_dag to None, run_after=None
[2025-01-31T01:28:52.967+0000] {processor.py:208} INFO - Processing /opt/airflow/dags/primeiradag.py took 0.189 seconds
[2025-01-31T01:28:58.108+0000] {processor.py:186} INFO - Started process (PID=2768) to work on /opt/airflow/dags/primeiradag.py
[2025-01-31T01:28:58.110+0000] {processor.py:914} INFO - Processing file /opt/airflow/dags/primeiradag.py for tasks to queue
[2025-01-31T01:28:58.115+0000] {logging_mixin.py:190} INFO - [2025-01-31T01:28:58.114+0000] {dagbag.py:588} INFO - Filling up the DagBag from /opt/airflow/dags/primeiradag.py
[2025-01-31T01:28:58.139+0000] {processor.py:925} INFO - DAG(s) 'primeira_dag' retrieved from /opt/airflow/dags/primeiradag.py
[2025-01-31T01:28:58.161+0000] {logging_mixin.py:190} INFO - [2025-01-31T01:28:58.161+0000] {dag.py:3239} INFO - Sync 1 DAGs
[2025-01-31T01:28:58.181+0000] {logging_mixin.py:190} INFO - [2025-01-31T01:28:58.181+0000] {dag.py:4180} INFO - Setting next_dagrun for primeira_dag to None, run_after=None
[2025-01-31T01:28:58.197+0000] {processor.py:208} INFO - Processing /opt/airflow/dags/primeiradag.py took 0.107 seconds
[2025-01-31T01:29:03.346+0000] {processor.py:186} INFO - Started process (PID=2769) to work on /opt/airflow/dags/primeiradag.py
[2025-01-31T01:29:03.350+0000] {processor.py:914} INFO - Processing file /opt/airflow/dags/primeiradag.py for tasks to queue
[2025-01-31T01:29:03.356+0000] {logging_mixin.py:190} INFO - [2025-01-31T01:29:03.356+0000] {dagbag.py:588} INFO - Filling up the DagBag from /opt/airflow/dags/primeiradag.py
[2025-01-31T01:29:03.380+0000] {processor.py:925} INFO - DAG(s) 'primeira_dag' retrieved from /opt/airflow/dags/primeiradag.py
[2025-01-31T01:29:03.404+0000] {logging_mixin.py:190} INFO - [2025-01-31T01:29:03.404+0000] {dag.py:3239} INFO - Sync 1 DAGs
[2025-01-31T01:29:03.425+0000] {logging_mixin.py:190} INFO - [2025-01-31T01:29:03.425+0000] {dag.py:4180} INFO - Setting next_dagrun for primeira_dag to None, run_after=None
[2025-01-31T01:29:03.436+0000] {processor.py:208} INFO - Processing /opt/airflow/dags/primeiradag.py took 0.106 seconds
