[2025-01-31T01:40:38.054+0000] {local_task_job_runner.py:123} INFO - ::group::Pre task execution logs
[2025-01-31T01:40:38.085+0000] {taskinstance.py:2613} INFO - Dependencies all met for dep_context=non-requeueable deps ti=<TaskInstance: terceira_dag.tsk2 manual__2025-01-31T01:40:35.689613+00:00 [queued]>
[2025-01-31T01:40:38.097+0000] {taskinstance.py:2613} INFO - Dependencies all met for dep_context=requeueable deps ti=<TaskInstance: terceira_dag.tsk2 manual__2025-01-31T01:40:35.689613+00:00 [queued]>
[2025-01-31T01:40:38.098+0000] {taskinstance.py:2866} INFO - Starting attempt 1 of 1
[2025-01-31T01:40:38.113+0000] {taskinstance.py:2889} INFO - Executing <Task(BashOperator): tsk2> on 2025-01-31 01:40:35.689613+00:00
[2025-01-31T01:40:38.138+0000] {warnings.py:112} WARNING - /home/***/.local/lib/python3.12/site-packages/***/task/task_runner/standard_task_runner.py:70: DeprecationWarning: This process (pid=3142) is multi-threaded, use of fork() may lead to deadlocks in the child.
  pid = os.fork()

[2025-01-31T01:40:38.142+0000] {standard_task_runner.py:104} INFO - Running: ['***', 'tasks', 'run', 'terceira_dag', 'tsk2', 'manual__2025-01-31T01:40:35.689613+00:00', '--job-id', '32', '--raw', '--subdir', 'DAGS_FOLDER/terceira_dag.py', '--cfg-path', '/tmp/tmpg2ab99bc']
[2025-01-31T01:40:38.142+0000] {standard_task_runner.py:72} INFO - Started process 3144 to run task
[2025-01-31T01:40:38.144+0000] {standard_task_runner.py:105} INFO - Job 32: Subtask tsk2
[2025-01-31T01:40:38.214+0000] {task_command.py:467} INFO - Running <TaskInstance: terceira_dag.tsk2 manual__2025-01-31T01:40:35.689613+00:00 [running]> on host 15928652fac1
[2025-01-31T01:40:38.269+0000] {taskinstance.py:3132} INFO - Exporting env vars: AIRFLOW_CTX_DAG_OWNER='***' AIRFLOW_CTX_DAG_ID='terceira_dag' AIRFLOW_CTX_TASK_ID='tsk2' AIRFLOW_CTX_EXECUTION_DATE='2025-01-31T01:40:35.689613+00:00' AIRFLOW_CTX_TRY_NUMBER='1' AIRFLOW_CTX_DAG_RUN_ID='manual__2025-01-31T01:40:35.689613+00:00'
[2025-01-31T01:40:38.270+0000] {taskinstance.py:731} INFO - ::endgroup::
[2025-01-31T01:40:38.290+0000] {subprocess.py:78} INFO - Tmp dir root location: /tmp
[2025-01-31T01:40:38.291+0000] {subprocess.py:88} INFO - Running command: ['/usr/bin/bash', '-c', 'sleep 5']
[2025-01-31T01:40:38.298+0000] {subprocess.py:99} INFO - Output:
[2025-01-31T01:40:43.315+0000] {subprocess.py:110} INFO - Command exited with return code 0
[2025-01-31T01:40:43.368+0000] {taskinstance.py:340} INFO - ::group::Post task execution logs
[2025-01-31T01:40:43.369+0000] {taskinstance.py:352} INFO - Marking task as SUCCESS. dag_id=terceira_dag, task_id=tsk2, run_id=manual__2025-01-31T01:40:35.689613+00:00, execution_date=20250131T014035, start_date=20250131T014038, end_date=20250131T014043
[2025-01-31T01:40:43.422+0000] {local_task_job_runner.py:266} INFO - Task exited with return code 0
[2025-01-31T01:40:43.431+0000] {local_task_job_runner.py:245} INFO - ::endgroup::
