[2025-01-30T20:10:52.690+0000] {local_task_job_runner.py:123} INFO - ::group::Pre task execution logs
[2025-01-30T20:10:52.817+0000] {taskinstance.py:2613} INFO - Dependencies all met for dep_context=non-requeueable deps ti=<TaskInstance: example_bash_operator.runme_1 scheduled__2025-01-29T00:00:00+00:00 [queued]>
[2025-01-30T20:10:52.886+0000] {taskinstance.py:2613} INFO - Dependencies all met for dep_context=requeueable deps ti=<TaskInstance: example_bash_operator.runme_1 scheduled__2025-01-29T00:00:00+00:00 [queued]>
[2025-01-30T20:10:52.897+0000] {taskinstance.py:2866} INFO - Starting attempt 1 of 1
[2025-01-30T20:10:52.989+0000] {taskinstance.py:2889} INFO - Executing <Task(BashOperator): runme_1> on 2025-01-29 00:00:00+00:00
[2025-01-30T20:10:53.124+0000] {warnings.py:112} WARNING - /home/***/.local/lib/python3.12/site-packages/***/task/task_runner/standard_task_runner.py:70: DeprecationWarning: This process (pid=121) is multi-threaded, use of fork() may lead to deadlocks in the child.
  pid = os.fork()

[2025-01-30T20:10:53.131+0000] {standard_task_runner.py:72} INFO - Started process 136 to run task
[2025-01-30T20:10:53.152+0000] {standard_task_runner.py:104} INFO - Running: ['***', 'tasks', 'run', 'example_bash_operator', 'runme_1', 'scheduled__2025-01-29T00:00:00+00:00', '--job-id', '7', '--raw', '--subdir', '/home/***/.local/lib/python3.12/site-packages/***/example_dags/example_bash_operator.py', '--cfg-path', '/tmp/tmpyevz6gyb']
[2025-01-30T20:10:53.162+0000] {standard_task_runner.py:105} INFO - Job 7: Subtask runme_1
[2025-01-30T20:10:53.561+0000] {task_command.py:467} INFO - Running <TaskInstance: example_bash_operator.runme_1 scheduled__2025-01-29T00:00:00+00:00 [running]> on host bc470947e9cb
[2025-01-30T20:11:22.077+0000] {taskinstance.py:3132} INFO - Exporting env vars: AIRFLOW_CTX_DAG_OWNER='***' AIRFLOW_CTX_DAG_ID='example_bash_operator' AIRFLOW_CTX_TASK_ID='runme_1' AIRFLOW_CTX_EXECUTION_DATE='2025-01-29T00:00:00+00:00' AIRFLOW_CTX_TRY_NUMBER='1' AIRFLOW_CTX_DAG_RUN_ID='scheduled__2025-01-29T00:00:00+00:00'
[2025-01-30T20:11:22.223+0000] {logging_mixin.py:190} INFO - Task instance is in running state
[2025-01-30T20:11:22.225+0000] {logging_mixin.py:190} INFO -  Previous state of the Task instance: queued
[2025-01-30T20:11:22.229+0000] {logging_mixin.py:190} INFO - Current task name:runme_1 state:running start_date:2025-01-30 20:10:52.819259+00:00
[2025-01-30T20:11:22.234+0000] {logging_mixin.py:190} INFO - Dag name:example_bash_operator and current dag run status:running
[2025-01-30T20:11:22.252+0000] {taskinstance.py:731} INFO - ::endgroup::
[2025-01-30T20:11:22.275+0000] {subprocess.py:78} INFO - Tmp dir root location: /tmp
[2025-01-30T20:11:22.313+0000] {subprocess.py:88} INFO - Running command: ['/usr/bin/bash', '-c', 'echo "example_bash_operator__runme_1__20250129" && sleep 1']
[2025-01-30T20:11:22.518+0000] {subprocess.py:99} INFO - Output:
[2025-01-30T20:11:22.559+0000] {subprocess.py:106} INFO - example_bash_operator__runme_1__20250129
[2025-01-30T20:11:23.624+0000] {subprocess.py:110} INFO - Command exited with return code 0
[2025-01-30T20:11:24.151+0000] {taskinstance.py:340} INFO - ::group::Post task execution logs
[2025-01-30T20:11:24.164+0000] {taskinstance.py:352} INFO - Marking task as SUCCESS. dag_id=example_bash_operator, task_id=runme_1, run_id=scheduled__2025-01-29T00:00:00+00:00, execution_date=20250129T000000, start_date=20250130T201052, end_date=20250130T201124
[2025-01-30T20:11:24.405+0000] {logging_mixin.py:190} INFO - Task instance in success state
[2025-01-30T20:11:24.416+0000] {logging_mixin.py:190} INFO -  Previous state of the Task instance: running
[2025-01-30T20:11:24.417+0000] {logging_mixin.py:190} INFO - Dag name:example_bash_operator queued_at:2025-01-30 20:09:27.564244+00:00
[2025-01-30T20:11:24.418+0000] {logging_mixin.py:190} INFO - Task hostname:bc470947e9cb operator:BashOperator
[2025-01-30T20:11:24.658+0000] {local_task_job_runner.py:266} INFO - Task exited with return code 0
[2025-01-30T20:11:25.034+0000] {taskinstance.py:3895} INFO - 0 downstream tasks scheduled from follow-on schedule check
[2025-01-30T20:11:25.046+0000] {local_task_job_runner.py:245} INFO - ::endgroup::
